{
  "/Users/gael/Desktop/INSSET_COURS/ProjetThematique/web/src/components/LanguageSwitcher.vue": {
    "path": "/Users/gael/Desktop/INSSET_COURS/ProjetThematique/web/src/components/LanguageSwitcher.vue",
    "statementMap": {
      "0": {
        "start": {
          "line": 4,
          "column": 2
        },
        "end": {
          "line": 8,
          "column": 3
        }
      },
      "1": {
        "start": {
          "line": 5,
          "column": 17
        },
        "end": {
          "line": 5,
          "column": 48
        }
      },
      "2": {
        "start": {
          "line": 6,
          "column": 4
        },
        "end": {
          "line": 6,
          "column": 42
        }
      },
      "3": {
        "start": {
          "line": 7,
          "column": 4
        },
        "end": {
          "line": 7,
          "column": 91
        }
      },
      "4": {
        "start": {
          "line": 9,
          "column": 2
        },
        "end": {
          "line": 9,
          "column": 14
        }
      },
      "5": {
        "start": {
          "line": 11,
          "column": 40
        },
        "end": {
          "line": 11,
          "column": 91
        }
      },
      "6": {
        "start": {
          "line": 12,
          "column": 40
        },
        "end": {
          "line": 12,
          "column": 91
        }
      },
      "7": {
        "start": {
          "line": 13,
          "column": 33
        },
        "end": {
          "line": 13,
          "column": 77
        }
      },
      "8": {
        "start": {
          "line": 18,
          "column": 34
        },
        "end": {
          "line": 53,
          "column": 2
        }
      },
      "9": {
        "start": {
          "line": 21,
          "column": 4
        },
        "end": {
          "line": 21,
          "column": 15
        }
      },
      "10": {
        "start": {
          "line": 22,
          "column": 23
        },
        "end": {
          "line": 22,
          "column": 32
        }
      },
      "11": {
        "start": {
          "line": 23,
          "column": 19
        },
        "end": {
          "line": 23,
          "column": 29
        }
      },
      "12": {
        "start": {
          "line": 24,
          "column": 29
        },
        "end": {
          "line": 27,
          "column": 5
        }
      },
      "13": {
        "start": {
          "line": 28,
          "column": 26
        },
        "end": {
          "line": 28,
          "column": 54
        }
      },
      "14": {
        "start": {
          "line": 28,
          "column": 41
        },
        "end": {
          "line": 28,
          "column": 53
        }
      },
      "15": {
        "start": {
          "line": 29,
          "column": 31
        },
        "end": {
          "line": 32,
          "column": 6
        }
      },
      "16": {
        "start": {
          "line": 30,
          "column": 22
        },
        "end": {
          "line": 30,
          "column": 82
        }
      },
      "17": {
        "start": {
          "line": 30,
          "column": 51
        },
        "end": {
          "line": 30,
          "column": 81
        }
      },
      "18": {
        "start": {
          "line": 31,
          "column": 6
        },
        "end": {
          "line": 31,
          "column": 41
        }
      },
      "19": {
        "start": {
          "line": 33,
          "column": 27
        },
        "end": {
          "line": 35,
          "column": 5
        }
      },
      "20": {
        "start": {
          "line": 34,
          "column": 6
        },
        "end": {
          "line": 34,
          "column": 35
        }
      },
      "21": {
        "start": {
          "line": 36,
          "column": 25
        },
        "end": {
          "line": 40,
          "column": 5
        }
      },
      "22": {
        "start": {
          "line": 37,
          "column": 6
        },
        "end": {
          "line": 37,
          "column": 31
        }
      },
      "23": {
        "start": {
          "line": 38,
          "column": 6
        },
        "end": {
          "line": 38,
          "column": 27
        }
      },
      "24": {
        "start": {
          "line": 39,
          "column": 6
        },
        "end": {
          "line": 39,
          "column": 48
        }
      },
      "25": {
        "start": {
          "line": 41,
          "column": 4
        },
        "end": {
          "line": 48,
          "column": 5
        }
      },
      "26": {
        "start": {
          "line": 42,
          "column": 6
        },
        "end": {
          "line": 47,
          "column": 9
        }
      },
      "27": {
        "start": {
          "line": 43,
          "column": 23
        },
        "end": {
          "line": 43,
          "column": 31
        }
      },
      "28": {
        "start": {
          "line": 44,
          "column": 8
        },
        "end": {
          "line": 46,
          "column": 9
        }
      },
      "29": {
        "start": {
          "line": 45,
          "column": 10
        },
        "end": {
          "line": 45,
          "column": 31
        }
      },
      "30": {
        "start": {
          "line": 49,
          "column": 25
        },
        "end": {
          "line": 49,
          "column": 126
        }
      },
      "31": {
        "start": {
          "line": 50,
          "column": 4
        },
        "end": {
          "line": 50,
          "column": 95
        }
      },
      "32": {
        "start": {
          "line": 51,
          "column": 4
        },
        "end": {
          "line": 51,
          "column": 24
        }
      },
      "33": {
        "start": {
          "line": 55,
          "column": 19
        },
        "end": {
          "line": 58,
          "column": 1
        }
      },
      "34": {
        "start": {
          "line": 59,
          "column": 19
        },
        "end": {
          "line": 59,
          "column": 84
        }
      },
      "35": {
        "start": {
          "line": 60,
          "column": 19
        },
        "end": {
          "line": 64,
          "column": 1
        }
      },
      "36": {
        "start": {
          "line": 65,
          "column": 19
        },
        "end": {
          "line": 65,
          "column": 30
        }
      },
      "37": {
        "start": {
          "line": 67,
          "column": 2
        },
        "end": {
          "line": 127,
          "column": 5
        }
      },
      "38": {
        "start": {
          "line": 106,
          "column": 30
        },
        "end": {
          "line": 123,
          "column": 7
        }
      },
      "39": {
        "start": {
          "line": 112,
          "column": 14
        },
        "end": {
          "line": 117,
          "column": 64
        }
      },
      "40": {
        "start": {
          "line": 115,
          "column": 37
        },
        "end": {
          "line": 115,
          "column": 69
        }
      },
      "41": {
        "start": {
          "line": 130,
          "column": 0
        },
        "end": {
          "line": 130,
          "column": 31
        }
      },
      "42": {
        "start": {
          "line": 131,
          "column": 0
        },
        "end": {
          "line": 131,
          "column": 109
        }
      },
      "43": {
        "start": {
          "line": 132,
          "column": 0
        },
        "end": {
          "line": 134,
          "column": 3
        }
      },
      "44": {
        "start": {
          "line": 133,
          "column": 2
        },
        "end": {
          "line": 133,
          "column": 42
        }
      },
      "45": {
        "start": {
          "line": 135,
          "column": 0
        },
        "end": {
          "line": 143,
          "column": 3
        }
      },
      "46": {
        "start": {
          "line": 136,
          "column": 2
        },
        "end": {
          "line": 136,
          "column": 19
        }
      },
      "47": {
        "start": {
          "line": 136,
          "column": 12
        },
        "end": {
          "line": 136,
          "column": 19
        }
      },
      "48": {
        "start": {
          "line": 137,
          "column": 47
        },
        "end": {
          "line": 137,
          "column": 50
        }
      },
      "49": {
        "start": {
          "line": 138,
          "column": 2
        },
        "end": {
          "line": 142,
          "column": 3
        }
      },
      "50": {
        "start": {
          "line": 139,
          "column": 4
        },
        "end": {
          "line": 139,
          "column": 66
        }
      },
      "51": {
        "start": {
          "line": 141,
          "column": 4
        },
        "end": {
          "line": 141,
          "column": 57
        }
      }
    },
    "fnMap": {
      "0": {
        "name": "_interopVNode",
        "decl": {
          "start": {
            "line": 3,
            "column": 9
          },
          "end": {
            "line": 3,
            "column": 22
          }
        },
        "loc": {
          "start": {
            "line": 3,
            "column": 30
          },
          "end": {
            "line": 10,
            "column": 1
          }
        },
        "line": 3
      },
      "1": {
        "name": "_createElementVNode",
        "decl": {
          "start": {
            "line": 11,
            "column": 9
          },
          "end": {
            "line": 11,
            "column": 28
          }
        },
        "loc": {
          "start": {
            "line": 11,
            "column": 38
          },
          "end": {
            "line": 11,
            "column": 93
          }
        },
        "line": 11
      },
      "2": {
        "name": "_createElementBlock",
        "decl": {
          "start": {
            "line": 12,
            "column": 9
          },
          "end": {
            "line": 12,
            "column": 28
          }
        },
        "loc": {
          "start": {
            "line": 12,
            "column": 38
          },
          "end": {
            "line": 12,
            "column": 93
          }
        },
        "line": 12
      },
      "3": {
        "name": "_createVNode",
        "decl": {
          "start": {
            "line": 13,
            "column": 9
          },
          "end": {
            "line": 13,
            "column": 21
          }
        },
        "loc": {
          "start": {
            "line": 13,
            "column": 31
          },
          "end": {
            "line": 13,
            "column": 79
          }
        },
        "line": 13
      },
      "4": {
        "name": "(anonymous_4)",
        "decl": {
          "start": {
            "line": 20,
            "column": 2
          },
          "end": {
            "line": 20,
            "column": 3
          }
        },
        "loc": {
          "start": {
            "line": 20,
            "column": 39
          },
          "end": {
            "line": 52,
            "column": 3
          }
        },
        "line": 20
      },
      "5": {
        "name": "(anonymous_5)",
        "decl": {
          "start": {
            "line": 28,
            "column": 35
          },
          "end": {
            "line": 28,
            "column": 36
          }
        },
        "loc": {
          "start": {
            "line": 28,
            "column": 41
          },
          "end": {
            "line": 28,
            "column": 53
          }
        },
        "line": 28
      },
      "6": {
        "name": "(anonymous_6)",
        "decl": {
          "start": {
            "line": 29,
            "column": 40
          },
          "end": {
            "line": 29,
            "column": 41
          }
        },
        "loc": {
          "start": {
            "line": 29,
            "column": 46
          },
          "end": {
            "line": 32,
            "column": 5
          }
        },
        "line": 29
      },
      "7": {
        "name": "(anonymous_7)",
        "decl": {
          "start": {
            "line": 30,
            "column": 44
          },
          "end": {
            "line": 30,
            "column": 45
          }
        },
        "loc": {
          "start": {
            "line": 30,
            "column": 51
          },
          "end": {
            "line": 30,
            "column": 81
          }
        },
        "line": 30
      },
      "8": {
        "name": "(anonymous_8)",
        "decl": {
          "start": {
            "line": 33,
            "column": 27
          },
          "end": {
            "line": 33,
            "column": 28
          }
        },
        "loc": {
          "start": {
            "line": 33,
            "column": 33
          },
          "end": {
            "line": 35,
            "column": 5
          }
        },
        "line": 33
      },
      "9": {
        "name": "(anonymous_9)",
        "decl": {
          "start": {
            "line": 36,
            "column": 25
          },
          "end": {
            "line": 36,
            "column": 26
          }
        },
        "loc": {
          "start": {
            "line": 36,
            "column": 40
          },
          "end": {
            "line": 40,
            "column": 5
          }
        },
        "line": 36
      },
      "10": {
        "name": "(anonymous_10)",
        "decl": {
          "start": {
            "line": 42,
            "column": 41
          },
          "end": {
            "line": 42,
            "column": 42
          }
        },
        "loc": {
          "start": {
            "line": 42,
            "column": 48
          },
          "end": {
            "line": 47,
            "column": 7
          }
        },
        "line": 42
      },
      "11": {
        "name": "_sfc_render",
        "decl": {
          "start": {
            "line": 66,
            "column": 9
          },
          "end": {
            "line": 66,
            "column": 20
          }
        },
        "loc": {
          "start": {
            "line": 66,
            "column": 68
          },
          "end": {
            "line": 128,
            "column": 1
          }
        },
        "line": 66
      },
      "12": {
        "name": "(anonymous_12)",
        "decl": {
          "start": {
            "line": 106,
            "column": 24
          },
          "end": {
            "line": 106,
            "column": 25
          }
        },
        "loc": {
          "start": {
            "line": 106,
            "column": 30
          },
          "end": {
            "line": 123,
            "column": 7
          }
        },
        "line": 106
      },
      "13": {
        "name": "(anonymous_13)",
        "decl": {
          "start": {
            "line": 111,
            "column": 49
          },
          "end": {
            "line": 111,
            "column": 50
          }
        },
        "loc": {
          "start": {
            "line": 111,
            "column": 61
          },
          "end": {
            "line": 118,
            "column": 13
          }
        },
        "line": 111
      },
      "14": {
        "name": "(anonymous_14)",
        "decl": {
          "start": {
            "line": 115,
            "column": 25
          },
          "end": {
            "line": 115,
            "column": 26
          }
        },
        "loc": {
          "start": {
            "line": 115,
            "column": 37
          },
          "end": {
            "line": 115,
            "column": 69
          }
        },
        "line": 115
      },
      "15": {
        "name": "(anonymous_15)",
        "decl": {
          "start": {
            "line": 132,
            "column": 35
          },
          "end": {
            "line": 132,
            "column": 36
          }
        },
        "loc": {
          "start": {
            "line": 132,
            "column": 49
          },
          "end": {
            "line": 134,
            "column": 1
          }
        },
        "line": 132
      },
      "16": {
        "name": "(anonymous_16)",
        "decl": {
          "start": {
            "line": 135,
            "column": 23
          },
          "end": {
            "line": 135,
            "column": 24
          }
        },
        "loc": {
          "start": {
            "line": 135,
            "column": 32
          },
          "end": {
            "line": 143,
            "column": 1
          }
        },
        "line": 135
      }
    },
    "branchMap": {
      "0": {
        "loc": {
          "start": {
            "line": 4,
            "column": 2
          },
          "end": {
            "line": 8,
            "column": 3
          }
        },
        "type": "if",
        "locations": [
          {
            "start": {
              "line": 4,
              "column": 2
            },
            "end": {
              "line": 8,
              "column": 3
            }
          },
          {
            "start": {},
            "end": {}
          }
        ],
        "line": 4
      },
      "1": {
        "loc": {
          "start": {
            "line": 4,
            "column": 6
          },
          "end": {
            "line": 4,
            "column": 63
          }
        },
        "type": "binary-expr",
        "locations": [
          {
            "start": {
              "line": 4,
              "column": 6
            },
            "end": {
              "line": 4,
              "column": 11
            }
          },
          {
            "start": {
              "line": 4,
              "column": 15
            },
            "end": {
              "line": 4,
              "column": 26
            }
          },
          {
            "start": {
              "line": 4,
              "column": 30
            },
            "end": {
              "line": 4,
              "column": 63
            }
          }
        ],
        "line": 4
      },
      "2": {
        "loc": {
          "start": {
            "line": 31,
            "column": 13
          },
          "end": {
            "line": 31,
            "column": 40
          }
        },
        "type": "binary-expr",
        "locations": [
          {
            "start": {
              "line": 31,
              "column": 13
            },
            "end": {
              "line": 31,
              "column": 26
            }
          },
          {
            "start": {
              "line": 31,
              "column": 30
            },
            "end": {
              "line": 31,
              "column": 40
            }
          }
        ],
        "line": 31
      },
      "3": {
        "loc": {
          "start": {
            "line": 41,
            "column": 4
          },
          "end": {
            "line": 48,
            "column": 5
          }
        },
        "type": "if",
        "locations": [
          {
            "start": {
              "line": 41,
              "column": 4
            },
            "end": {
              "line": 48,
              "column": 5
            }
          },
          {
            "start": {},
            "end": {}
          }
        ],
        "line": 41
      },
      "4": {
        "loc": {
          "start": {
            "line": 44,
            "column": 8
          },
          "end": {
            "line": 46,
            "column": 9
          }
        },
        "type": "if",
        "locations": [
          {
            "start": {
              "line": 44,
              "column": 8
            },
            "end": {
              "line": 46,
              "column": 9
            }
          },
          {
            "start": {},
            "end": {}
          }
        ],
        "line": 44
      },
      "5": {
        "loc": {
          "start": {
            "line": 80,
            "column": 6
          },
          "end": {
            "line": 100,
            "column": 8
          }
        },
        "type": "binary-expr",
        "locations": [
          {
            "start": {
              "line": 80,
              "column": 6
            },
            "end": {
              "line": 80,
              "column": 15
            }
          },
          {
            "start": {
              "line": 80,
              "column": 20
            },
            "end": {
              "line": 100,
              "column": 7
            }
          }
        ],
        "line": 80
      },
      "6": {
        "loc": {
          "start": {
            "line": 107,
            "column": 8
          },
          "end": {
            "line": 122,
            "column": 47
          }
        },
        "type": "cond-expr",
        "locations": [
          {
            "start": {
              "line": 107,
              "column": 25
            },
            "end": {
              "line": 122,
              "column": 10
            }
          },
          {
            "start": {
              "line": 122,
              "column": 14
            },
            "end": {
              "line": 122,
              "column": 47
            }
          }
        ],
        "line": 107
      },
      "7": {
        "loc": {
          "start": {
            "line": 131,
            "column": 0
          },
          "end": {
            "line": 131,
            "column": 108
          }
        },
        "type": "binary-expr",
        "locations": [
          {
            "start": {
              "line": 131,
              "column": 0
            },
            "end": {
              "line": 131,
              "column": 42
            }
          },
          {
            "start": {
              "line": 131,
              "column": 46
            },
            "end": {
              "line": 131,
              "column": 108
            }
          }
        ],
        "line": 131
      },
      "8": {
        "loc": {
          "start": {
            "line": 136,
            "column": 2
          },
          "end": {
            "line": 136,
            "column": 19
          }
        },
        "type": "if",
        "locations": [
          {
            "start": {
              "line": 136,
              "column": 2
            },
            "end": {
              "line": 136,
              "column": 19
            }
          },
          {
            "start": {},
            "end": {}
          }
        ],
        "line": 136
      },
      "9": {
        "loc": {
          "start": {
            "line": 138,
            "column": 2
          },
          "end": {
            "line": 142,
            "column": 3
          }
        },
        "type": "if",
        "locations": [
          {
            "start": {
              "line": 138,
              "column": 2
            },
            "end": {
              "line": 142,
              "column": 3
            }
          },
          {
            "start": {
              "line": 140,
              "column": 9
            },
            "end": {
              "line": 142,
              "column": 3
            }
          }
        ],
        "line": 138
      }
    },
    "s": {
      "0": 36,
      "1": 36,
      "2": 36,
      "3": 36,
      "4": 36,
      "5": 24,
      "6": 6,
      "7": 6,
      "8": 6,
      "9": 6,
      "10": 6,
      "11": 6,
      "12": 6,
      "13": 6,
      "14": 6,
      "15": 6,
      "16": 6,
      "17": 6,
      "18": 6,
      "19": 6,
      "20": 0,
      "21": 6,
      "22": 0,
      "23": 0,
      "24": 0,
      "25": 6,
      "26": 6,
      "27": 28,
      "28": 28,
      "29": 5,
      "30": 6,
      "31": 6,
      "32": 6,
      "33": 6,
      "34": 6,
      "35": 6,
      "36": 6,
      "37": 6,
      "38": 6,
      "39": 0,
      "40": 0,
      "41": 6,
      "42": 6,
      "43": 6,
      "44": 0,
      "45": 6,
      "46": 0,
      "47": 0,
      "48": 0,
      "49": 0,
      "50": 0,
      "51": 0
    },
    "f": {
      "0": 36,
      "1": 24,
      "2": 6,
      "3": 6,
      "4": 6,
      "5": 6,
      "6": 6,
      "7": 6,
      "8": 0,
      "9": 0,
      "10": 28,
      "11": 6,
      "12": 6,
      "13": 0,
      "14": 0,
      "15": 0,
      "16": 0
    },
    "b": {
      "0": [
        36,
        0
      ],
      "1": [
        36,
        36,
        36
      ],
      "2": [
        6,
        0
      ],
      "3": [
        6,
        0
      ],
      "4": [
        5,
        23
      ],
      "5": [
        6,
        6
      ],
      "6": [
        0,
        6
      ],
      "7": [
        6,
        6
      ],
      "8": [
        0,
        0
      ],
      "9": [
        0,
        0
      ]
    },
    "inputSourceMap": {
      "version": 3,
      "mappings": ";;;;;;;;;;;;;;;AAgCA,SAAS,KAAK,gBAAgB;AAC9B,SAAS,eAAe;;;;;AAExB,UAAM,EAAE,OAAO,IAAI,QAAQ;AAC3B,UAAM,SAAS,IAAI,KAAK;AAExB,UAAM,mBAAmB;AAAA,MACvB,EAAE,MAAM,MAAM,MAAM,WAAW;AAAA,MAC/B,EAAE,MAAM,MAAM,MAAM,UAAU;AAAA,IAChC;AAEA,UAAM,gBAAgB,SAAS,MAAM,OAAO,KAAK;AAEjD,UAAM,qBAAqB,SAAS,MAAM;AACxC,YAAM,UAAU,iBAAiB,KAAK,CAAC,MAAM,EAAE,SAAS,cAAc,KAAK;AAC3E,aAAO,SAAS,QAAQ;AAAA,IAC1B,CAAC;AAED,UAAM,iBAAiB,MAAM;AAC3B,aAAO,QAAQ,CAAC,OAAO;AAAA,IACzB;AAEA,UAAM,eAAe,CAAC,cAAsB;AAC1C,aAAO,QAAQ;AACf,aAAO,QAAQ;AAEf,mBAAa,QAAQ,UAAU,SAAS;AAAA,IAC1C;AAGA,QAAI,OAAO,aAAa,aAAa;AACnC,eAAS,iBAAiB,SAAS,CAAC,MAAM;AACxC,cAAM,SAAS,EAAE;AACjB,YAAI,CAAC,OAAO,QAAQ,WAAW,GAAG;AAChC,iBAAO,QAAQ;AAAA,QACjB;AAAA,MACF,CAAC;AAAA,IACH;;;;;;;;EApEO,OAAM;AAAA,EAAW,oBAAiB;;qBAK7B,oBAAiB,0CAAyC;;;EAS9D,OAAM;AAAA,EAA8I,oBAAiB;;;;uBAd3K,oBA2BM,OA3BN,YA2BM;AAAA,IA1BJ,oBAQS;AAAA,MAPP,OAAM;AAAA,MACL,SAAO;AAAA,MAAgB,oBAAiB;AAAA;MAEzC;AAAA,QAAgG;AAAA,QAAhG;AAAA,QAAgG,iBAA5B,yBAAkB;AAAA;AAAA;AAAA;AAAA,gCACtF;AAAA,QAEM;AAAA;AAAA,UAFD,OAAM;AAAA,UAAU,MAAK;AAAA,UAAO,QAAO;AAAA,UAAe,SAAQ;AAAA,UAAY,oBAAiB;AAAA;;UAC1F,oBAAsJ;AAAA,YAAhJ,kBAAe;AAAA,YAAQ,mBAAgB;AAAA,YAAQ,gBAAa;AAAA,YAAI,GAAE;AAAA,YAAiB,oBAAiB;AAAA;;;;;;IAI9G,aAea;AAAA,MAfD,MAAK;AAAA,MAAO,oBAAiB;AAAA;wBAQ6B,MA2BrE;AAAA,QAjCS,+BADR,oBAaM,OAbN,YAaM;AAAA,yBATJ;AAAA,YAQS;AAAA;AAAA,wBAPU,yBAAgB,CAA1B,WAAM;qBADf,oBAQS;AAAA,gBANN,KAAK,OAAO;AAAA,gBACb,OAAK,iBAAC,8FAA4F,wBAClE,OAAO,SAAS,qBAAa;AAAA,gBAC5D,SAAK,YAAE,oBAAa,OAAO,IAAI;AAAA,gBAAG,oBAAiB;AAAA,kCAEjD,OAAO,IAAI;AAAA",
      "names": [],
      "ignoreList": [],
      "sources": [
        "/Users/gael/Desktop/INSSET_COURS/ProjetThematique/web/src/components/LanguageSwitcher.vue"
      ],
      "file": "/Users/gael/Desktop/INSSET_COURS/ProjetThematique/web/src/components/LanguageSwitcher.vue"
    },
    "_coverageSchema": "1a1c01bbd47fc00a2c39e90264f33305004495a9",
    "hash": "ab58f311d18e137e843fdb501b1d1c3990bf574d"
  },
  "/Users/gael/Desktop/INSSET_COURS/ProjetThematique/web/src/components/ModeSwitcher.vue": {
    "path": "/Users/gael/Desktop/INSSET_COURS/ProjetThematique/web/src/components/ModeSwitcher.vue",
    "statementMap": {
      "0": {
        "start": {
          "line": 4,
          "column": 2
        },
        "end": {
          "line": 8,
          "column": 3
        }
      },
      "1": {
        "start": {
          "line": 5,
          "column": 17
        },
        "end": {
          "line": 5,
          "column": 48
        }
      },
      "2": {
        "start": {
          "line": 6,
          "column": 4
        },
        "end": {
          "line": 6,
          "column": 42
        }
      },
      "3": {
        "start": {
          "line": 7,
          "column": 4
        },
        "end": {
          "line": 7,
          "column": 91
        }
      },
      "4": {
        "start": {
          "line": 9,
          "column": 2
        },
        "end": {
          "line": 9,
          "column": 14
        }
      },
      "5": {
        "start": {
          "line": 11,
          "column": 40
        },
        "end": {
          "line": 11,
          "column": 91
        }
      },
      "6": {
        "start": {
          "line": 12,
          "column": 40
        },
        "end": {
          "line": 12,
          "column": 91
        }
      },
      "7": {
        "start": {
          "line": 13,
          "column": 33
        },
        "end": {
          "line": 13,
          "column": 77
        }
      },
      "8": {
        "start": {
          "line": 19,
          "column": 34
        },
        "end": {
          "line": 52,
          "column": 2
        }
      },
      "9": {
        "start": {
          "line": 22,
          "column": 4
        },
        "end": {
          "line": 22,
          "column": 15
        }
      },
      "10": {
        "start": {
          "line": 23,
          "column": 19
        },
        "end": {
          "line": 23,
          "column": 30
        }
      },
      "11": {
        "start": {
          "line": 24,
          "column": 18
        },
        "end": {
          "line": 24,
          "column": 27
        }
      },
      "12": {
        "start": {
          "line": 25,
          "column": 19
        },
        "end": {
          "line": 25,
          "column": 29
        }
      },
      "13": {
        "start": {
          "line": 26,
          "column": 26
        },
        "end": {
          "line": 26,
          "column": 32
        }
      },
      "14": {
        "start": {
          "line": 27,
          "column": 27
        },
        "end": {
          "line": 31,
          "column": 5
        }
      },
      "15": {
        "start": {
          "line": 32,
          "column": 27
        },
        "end": {
          "line": 34,
          "column": 5
        }
      },
      "16": {
        "start": {
          "line": 33,
          "column": 6
        },
        "end": {
          "line": 33,
          "column": 35
        }
      },
      "17": {
        "start": {
          "line": 35,
          "column": 17
        },
        "end": {
          "line": 39,
          "column": 5
        }
      },
      "18": {
        "start": {
          "line": 36,
          "column": 6
        },
        "end": {
          "line": 36,
          "column": 27
        }
      },
      "19": {
        "start": {
          "line": 37,
          "column": 6
        },
        "end": {
          "line": 37,
          "column": 31
        }
      },
      "20": {
        "start": {
          "line": 38,
          "column": 6
        },
        "end": {
          "line": 38,
          "column": 40
        }
      },
      "21": {
        "start": {
          "line": 40,
          "column": 4
        },
        "end": {
          "line": 47,
          "column": 5
        }
      },
      "22": {
        "start": {
          "line": 41,
          "column": 6
        },
        "end": {
          "line": 46,
          "column": 9
        }
      },
      "23": {
        "start": {
          "line": 42,
          "column": 23
        },
        "end": {
          "line": 42,
          "column": 31
        }
      },
      "24": {
        "start": {
          "line": 43,
          "column": 8
        },
        "end": {
          "line": 45,
          "column": 9
        }
      },
      "25": {
        "start": {
          "line": 44,
          "column": 10
        },
        "end": {
          "line": 44,
          "column": 31
        }
      },
      "26": {
        "start": {
          "line": 48,
          "column": 25
        },
        "end": {
          "line": 48,
          "column": 99
        }
      },
      "27": {
        "start": {
          "line": 49,
          "column": 4
        },
        "end": {
          "line": 49,
          "column": 95
        }
      },
      "28": {
        "start": {
          "line": 50,
          "column": 4
        },
        "end": {
          "line": 50,
          "column": 24
        }
      },
      "29": {
        "start": {
          "line": 54,
          "column": 19
        },
        "end": {
          "line": 57,
          "column": 1
        }
      },
      "30": {
        "start": {
          "line": 58,
          "column": 19
        },
        "end": {
          "line": 58,
          "column": 80
        }
      },
      "31": {
        "start": {
          "line": 59,
          "column": 19
        },
        "end": {
          "line": 63,
          "column": 1
        }
      },
      "32": {
        "start": {
          "line": 64,
          "column": 19
        },
        "end": {
          "line": 64,
          "column": 30
        }
      },
      "33": {
        "start": {
          "line": 66,
          "column": 2
        },
        "end": {
          "line": 126,
          "column": 5
        }
      },
      "34": {
        "start": {
          "line": 105,
          "column": 30
        },
        "end": {
          "line": 122,
          "column": 7
        }
      },
      "35": {
        "start": {
          "line": 111,
          "column": 14
        },
        "end": {
          "line": 116,
          "column": 62
        }
      },
      "36": {
        "start": {
          "line": 114,
          "column": 37
        },
        "end": {
          "line": 114,
          "column": 74
        }
      },
      "37": {
        "start": {
          "line": 129,
          "column": 0
        },
        "end": {
          "line": 129,
          "column": 31
        }
      },
      "38": {
        "start": {
          "line": 130,
          "column": 0
        },
        "end": {
          "line": 130,
          "column": 109
        }
      },
      "39": {
        "start": {
          "line": 131,
          "column": 0
        },
        "end": {
          "line": 133,
          "column": 3
        }
      },
      "40": {
        "start": {
          "line": 132,
          "column": 2
        },
        "end": {
          "line": 132,
          "column": 42
        }
      },
      "41": {
        "start": {
          "line": 134,
          "column": 0
        },
        "end": {
          "line": 142,
          "column": 3
        }
      },
      "42": {
        "start": {
          "line": 135,
          "column": 2
        },
        "end": {
          "line": 135,
          "column": 19
        }
      },
      "43": {
        "start": {
          "line": 135,
          "column": 12
        },
        "end": {
          "line": 135,
          "column": 19
        }
      },
      "44": {
        "start": {
          "line": 136,
          "column": 47
        },
        "end": {
          "line": 136,
          "column": 50
        }
      },
      "45": {
        "start": {
          "line": 137,
          "column": 2
        },
        "end": {
          "line": 141,
          "column": 3
        }
      },
      "46": {
        "start": {
          "line": 138,
          "column": 4
        },
        "end": {
          "line": 138,
          "column": 66
        }
      },
      "47": {
        "start": {
          "line": 140,
          "column": 4
        },
        "end": {
          "line": 140,
          "column": 57
        }
      }
    },
    "fnMap": {
      "0": {
        "name": "_interopVNode",
        "decl": {
          "start": {
            "line": 3,
            "column": 9
          },
          "end": {
            "line": 3,
            "column": 22
          }
        },
        "loc": {
          "start": {
            "line": 3,
            "column": 30
          },
          "end": {
            "line": 10,
            "column": 1
          }
        },
        "line": 3
      },
      "1": {
        "name": "_createElementVNode",
        "decl": {
          "start": {
            "line": 11,
            "column": 9
          },
          "end": {
            "line": 11,
            "column": 28
          }
        },
        "loc": {
          "start": {
            "line": 11,
            "column": 38
          },
          "end": {
            "line": 11,
            "column": 93
          }
        },
        "line": 11
      },
      "2": {
        "name": "_createElementBlock",
        "decl": {
          "start": {
            "line": 12,
            "column": 9
          },
          "end": {
            "line": 12,
            "column": 28
          }
        },
        "loc": {
          "start": {
            "line": 12,
            "column": 38
          },
          "end": {
            "line": 12,
            "column": 93
          }
        },
        "line": 12
      },
      "3": {
        "name": "_createVNode",
        "decl": {
          "start": {
            "line": 13,
            "column": 9
          },
          "end": {
            "line": 13,
            "column": 21
          }
        },
        "loc": {
          "start": {
            "line": 13,
            "column": 31
          },
          "end": {
            "line": 13,
            "column": 79
          }
        },
        "line": 13
      },
      "4": {
        "name": "(anonymous_4)",
        "decl": {
          "start": {
            "line": 21,
            "column": 2
          },
          "end": {
            "line": 21,
            "column": 3
          }
        },
        "loc": {
          "start": {
            "line": 21,
            "column": 39
          },
          "end": {
            "line": 51,
            "column": 3
          }
        },
        "line": 21
      },
      "5": {
        "name": "(anonymous_5)",
        "decl": {
          "start": {
            "line": 32,
            "column": 27
          },
          "end": {
            "line": 32,
            "column": 28
          }
        },
        "loc": {
          "start": {
            "line": 32,
            "column": 33
          },
          "end": {
            "line": 34,
            "column": 5
          }
        },
        "line": 32
      },
      "6": {
        "name": "(anonymous_6)",
        "decl": {
          "start": {
            "line": 35,
            "column": 17
          },
          "end": {
            "line": 35,
            "column": 18
          }
        },
        "loc": {
          "start": {
            "line": 35,
            "column": 37
          },
          "end": {
            "line": 39,
            "column": 5
          }
        },
        "line": 35
      },
      "7": {
        "name": "(anonymous_7)",
        "decl": {
          "start": {
            "line": 41,
            "column": 41
          },
          "end": {
            "line": 41,
            "column": 42
          }
        },
        "loc": {
          "start": {
            "line": 41,
            "column": 48
          },
          "end": {
            "line": 46,
            "column": 7
          }
        },
        "line": 41
      },
      "8": {
        "name": "_sfc_render",
        "decl": {
          "start": {
            "line": 65,
            "column": 9
          },
          "end": {
            "line": 65,
            "column": 20
          }
        },
        "loc": {
          "start": {
            "line": 65,
            "column": 68
          },
          "end": {
            "line": 127,
            "column": 1
          }
        },
        "line": 65
      },
      "9": {
        "name": "(anonymous_9)",
        "decl": {
          "start": {
            "line": 105,
            "column": 24
          },
          "end": {
            "line": 105,
            "column": 25
          }
        },
        "loc": {
          "start": {
            "line": 105,
            "column": 30
          },
          "end": {
            "line": 122,
            "column": 7
          }
        },
        "line": 105
      },
      "10": {
        "name": "(anonymous_10)",
        "decl": {
          "start": {
            "line": 110,
            "column": 47
          },
          "end": {
            "line": 110,
            "column": 48
          }
        },
        "loc": {
          "start": {
            "line": 110,
            "column": 57
          },
          "end": {
            "line": 117,
            "column": 13
          }
        },
        "line": 110
      },
      "11": {
        "name": "(anonymous_11)",
        "decl": {
          "start": {
            "line": 114,
            "column": 25
          },
          "end": {
            "line": 114,
            "column": 26
          }
        },
        "loc": {
          "start": {
            "line": 114,
            "column": 37
          },
          "end": {
            "line": 114,
            "column": 74
          }
        },
        "line": 114
      },
      "12": {
        "name": "(anonymous_12)",
        "decl": {
          "start": {
            "line": 131,
            "column": 35
          },
          "end": {
            "line": 131,
            "column": 36
          }
        },
        "loc": {
          "start": {
            "line": 131,
            "column": 49
          },
          "end": {
            "line": 133,
            "column": 1
          }
        },
        "line": 131
      },
      "13": {
        "name": "(anonymous_13)",
        "decl": {
          "start": {
            "line": 134,
            "column": 23
          },
          "end": {
            "line": 134,
            "column": 24
          }
        },
        "loc": {
          "start": {
            "line": 134,
            "column": 32
          },
          "end": {
            "line": 142,
            "column": 1
          }
        },
        "line": 134
      }
    },
    "branchMap": {
      "0": {
        "loc": {
          "start": {
            "line": 4,
            "column": 2
          },
          "end": {
            "line": 8,
            "column": 3
          }
        },
        "type": "if",
        "locations": [
          {
            "start": {
              "line": 4,
              "column": 2
            },
            "end": {
              "line": 8,
              "column": 3
            }
          },
          {
            "start": {},
            "end": {}
          }
        ],
        "line": 4
      },
      "1": {
        "loc": {
          "start": {
            "line": 4,
            "column": 6
          },
          "end": {
            "line": 4,
            "column": 63
          }
        },
        "type": "binary-expr",
        "locations": [
          {
            "start": {
              "line": 4,
              "column": 6
            },
            "end": {
              "line": 4,
              "column": 11
            }
          },
          {
            "start": {
              "line": 4,
              "column": 15
            },
            "end": {
              "line": 4,
              "column": 26
            }
          },
          {
            "start": {
              "line": 4,
              "column": 30
            },
            "end": {
              "line": 4,
              "column": 63
            }
          }
        ],
        "line": 4
      },
      "2": {
        "loc": {
          "start": {
            "line": 40,
            "column": 4
          },
          "end": {
            "line": 47,
            "column": 5
          }
        },
        "type": "if",
        "locations": [
          {
            "start": {
              "line": 40,
              "column": 4
            },
            "end": {
              "line": 47,
              "column": 5
            }
          },
          {
            "start": {},
            "end": {}
          }
        ],
        "line": 40
      },
      "3": {
        "loc": {
          "start": {
            "line": 43,
            "column": 8
          },
          "end": {
            "line": 45,
            "column": 9
          }
        },
        "type": "if",
        "locations": [
          {
            "start": {
              "line": 43,
              "column": 8
            },
            "end": {
              "line": 45,
              "column": 9
            }
          },
          {
            "start": {},
            "end": {}
          }
        ],
        "line": 43
      },
      "4": {
        "loc": {
          "start": {
            "line": 79,
            "column": 6
          },
          "end": {
            "line": 99,
            "column": 8
          }
        },
        "type": "binary-expr",
        "locations": [
          {
            "start": {
              "line": 79,
              "column": 6
            },
            "end": {
              "line": 79,
              "column": 15
            }
          },
          {
            "start": {
              "line": 79,
              "column": 20
            },
            "end": {
              "line": 99,
              "column": 7
            }
          }
        ],
        "line": 79
      },
      "5": {
        "loc": {
          "start": {
            "line": 106,
            "column": 8
          },
          "end": {
            "line": 121,
            "column": 47
          }
        },
        "type": "cond-expr",
        "locations": [
          {
            "start": {
              "line": 106,
              "column": 25
            },
            "end": {
              "line": 121,
              "column": 10
            }
          },
          {
            "start": {
              "line": 121,
              "column": 14
            },
            "end": {
              "line": 121,
              "column": 47
            }
          }
        ],
        "line": 106
      },
      "6": {
        "loc": {
          "start": {
            "line": 130,
            "column": 0
          },
          "end": {
            "line": 130,
            "column": 108
          }
        },
        "type": "binary-expr",
        "locations": [
          {
            "start": {
              "line": 130,
              "column": 0
            },
            "end": {
              "line": 130,
              "column": 42
            }
          },
          {
            "start": {
              "line": 130,
              "column": 46
            },
            "end": {
              "line": 130,
              "column": 108
            }
          }
        ],
        "line": 130
      },
      "7": {
        "loc": {
          "start": {
            "line": 135,
            "column": 2
          },
          "end": {
            "line": 135,
            "column": 19
          }
        },
        "type": "if",
        "locations": [
          {
            "start": {
              "line": 135,
              "column": 2
            },
            "end": {
              "line": 135,
              "column": 19
            }
          },
          {
            "start": {},
            "end": {}
          }
        ],
        "line": 135
      },
      "8": {
        "loc": {
          "start": {
            "line": 137,
            "column": 2
          },
          "end": {
            "line": 141,
            "column": 3
          }
        },
        "type": "if",
        "locations": [
          {
            "start": {
              "line": 137,
              "column": 2
            },
            "end": {
              "line": 141,
              "column": 3
            }
          },
          {
            "start": {
              "line": 139,
              "column": 9
            },
            "end": {
              "line": 141,
              "column": 3
            }
          }
        ],
        "line": 137
      }
    },
    "s": {
      "0": 36,
      "1": 36,
      "2": 36,
      "3": 36,
      "4": 36,
      "5": 24,
      "6": 6,
      "7": 6,
      "8": 6,
      "9": 6,
      "10": 6,
      "11": 6,
      "12": 6,
      "13": 6,
      "14": 6,
      "15": 6,
      "16": 0,
      "17": 6,
      "18": 0,
      "19": 0,
      "20": 0,
      "21": 6,
      "22": 6,
      "23": 28,
      "24": 28,
      "25": 5,
      "26": 6,
      "27": 6,
      "28": 6,
      "29": 6,
      "30": 6,
      "31": 6,
      "32": 6,
      "33": 6,
      "34": 6,
      "35": 0,
      "36": 0,
      "37": 6,
      "38": 6,
      "39": 6,
      "40": 0,
      "41": 6,
      "42": 0,
      "43": 0,
      "44": 0,
      "45": 0,
      "46": 0,
      "47": 0
    },
    "f": {
      "0": 36,
      "1": 24,
      "2": 6,
      "3": 6,
      "4": 6,
      "5": 0,
      "6": 0,
      "7": 28,
      "8": 6,
      "9": 6,
      "10": 0,
      "11": 0,
      "12": 0,
      "13": 0
    },
    "b": {
      "0": [
        36,
        0
      ],
      "1": [
        36,
        36,
        36
      ],
      "2": [
        6,
        0
      ],
      "3": [
        5,
        23
      ],
      "4": [
        6,
        6
      ],
      "5": [
        0,
        6
      ],
      "6": [
        6,
        6
      ],
      "7": [
        0,
        0
      ],
      "8": [
        0,
        0
      ]
    },
    "inputSourceMap": {
      "version": 3,
      "mappings": ";;;;;;;;;;;;;;;AAgCA,SAAS,WAAW;AACpB,SAAS,eAAe;AACxB,SAAS,iBAAiB;;;;;AAE1B,UAAM,SAAS,UAAU;AACzB,UAAM,EAAE,EAAE,IAAI,QAAQ;AAEtB,UAAM,SAAS,IAAI,KAAK;AACxB,UAAM,gBAAgB,IAAI,CAAC;AAE3B,UAAM,iBAAiB;AAAA,MACrB,EAAE,IAAI,GAAG,MAAM,EAAE,UAAU,GAAG,YAAY,WAAW;AAAA,MACrD,EAAE,IAAI,GAAG,MAAM,EAAE,WAAW,GAAG,YAAY,YAAY;AAAA,MACvD,EAAE,IAAI,GAAG,MAAM,EAAE,iBAAiB,GAAG,YAAY,kBAAkB;AAAA,IACrE;AAEA,UAAM,iBAAiB,MAAM;AAC3B,aAAO,QAAQ,CAAC,OAAO;AAAA,IACzB;AAEA,UAAM,OAAO,CAAC,IAAY,eAAuB;AAC/C,aAAO,QAAQ;AACf,oBAAc,QAAQ;AACtB,aAAO,KAAK,EAAE,MAAM,WAAW,CAAC;AAAA,IAClC;AAGA,QAAI,OAAO,aAAa,aAAa;AACnC,eAAS,iBAAiB,SAAS,CAAC,MAAM;AACxC,cAAM,SAAS,EAAE;AACjB,YAAI,CAAC,OAAO,QAAQ,WAAW,GAAG;AAChC,iBAAO,QAAQ;AAAA,QACjB;AAAA,MACF,CAAC;AAAA,IACH;;;;;;;;EAjEO,OAAM;AAAA,EAAW,oBAAiB;;qBAK7B,oBAAiB,sCAAqC;;;EAS1D,OAAM;AAAA,EAA8I,oBAAiB;;;;uBAd3K,oBA2BM,OA3BN,YA2BM;AAAA,IA1BJ,oBAQS;AAAA,MAPP,OAAM;AAAA,MACL,SAAO;AAAA,MAAgB,oBAAiB;AAAA;MAEzC;AAAA,QAAyF;AAAA,QAAzF;AAAA,QAAyF,iBAAzB,QAAE;AAAA;AAAA;AAAA;AAAA,gCAClE;AAAA,QAEM;AAAA;AAAA,UAFD,OAAM;AAAA,UAAU,MAAK;AAAA,UAAO,QAAO;AAAA,UAAe,SAAQ;AAAA,UAAY,oBAAiB;AAAA;;UAC1F,oBAAkJ;AAAA,YAA5I,kBAAe;AAAA,YAAQ,mBAAgB;AAAA,YAAQ,gBAAa;AAAA,YAAI,GAAE;AAAA,YAAiB,oBAAiB;AAAA;;;;;;IAI9G,aAea;AAAA,MAfD,MAAK;AAAA,MAAO,oBAAiB;AAAA;wBAQW,MAyB/B;AAAA,QA/BX,+BADR,oBAaM,OAbN,YAaM;AAAA,yBATJ;AAAA,YAQS;AAAA;AAAA,wBAPQ,uBAAc,CAAtB,SAAI;qBADb,oBAQS;AAAA,gBANN,KAAK,KAAK;AAAA,gBACX,OAAK,iBAAC,8FAA4F,wBAClE,KAAK,OAAO,qBAAa;AAAA,gBACxD,SAAK,YAAE,YAAK,KAAK,IAAI,KAAK,UAAU;AAAA,gBAAG,oBAAiB;AAAA,kCAEtD,KAAK,IAAI;AAAA",
      "names": [],
      "ignoreList": [],
      "sources": [
        "/Users/gael/Desktop/INSSET_COURS/ProjetThematique/web/src/components/ModeSwitcher.vue"
      ],
      "file": "/Users/gael/Desktop/INSSET_COURS/ProjetThematique/web/src/components/ModeSwitcher.vue"
    },
    "_coverageSchema": "1a1c01bbd47fc00a2c39e90264f33305004495a9",
    "hash": "9e6103ab15def7774fcff606edd6360f1778c07d"
  },
  "/Users/gael/Desktop/INSSET_COURS/ProjetThematique/web/src/components/HeaderBlock.vue": {
    "path": "/Users/gael/Desktop/INSSET_COURS/ProjetThematique/web/src/components/HeaderBlock.vue",
    "statementMap": {
      "0": {
        "start": {
          "line": 4,
          "column": 2
        },
        "end": {
          "line": 8,
          "column": 3
        }
      },
      "1": {
        "start": {
          "line": 5,
          "column": 17
        },
        "end": {
          "line": 5,
          "column": 48
        }
      },
      "2": {
        "start": {
          "line": 6,
          "column": 4
        },
        "end": {
          "line": 6,
          "column": 42
        }
      },
      "3": {
        "start": {
          "line": 7,
          "column": 4
        },
        "end": {
          "line": 7,
          "column": 91
        }
      },
      "4": {
        "start": {
          "line": 9,
          "column": 2
        },
        "end": {
          "line": 9,
          "column": 14
        }
      },
      "5": {
        "start": {
          "line": 11,
          "column": 40
        },
        "end": {
          "line": 11,
          "column": 91
        }
      },
      "6": {
        "start": {
          "line": 12,
          "column": 33
        },
        "end": {
          "line": 12,
          "column": 77
        }
      },
      "7": {
        "start": {
          "line": 13,
          "column": 40
        },
        "end": {
          "line": 13,
          "column": 91
        }
      },
      "8": {
        "start": {
          "line": 19,
          "column": 34
        },
        "end": {
          "line": 28,
          "column": 2
        }
      },
      "9": {
        "start": {
          "line": 22,
          "column": 4
        },
        "end": {
          "line": 22,
          "column": 15
        }
      },
      "10": {
        "start": {
          "line": 23,
          "column": 19
        },
        "end": {
          "line": 23,
          "column": 30
        }
      },
      "11": {
        "start": {
          "line": 24,
          "column": 25
        },
        "end": {
          "line": 24,
          "column": 67
        }
      },
      "12": {
        "start": {
          "line": 25,
          "column": 4
        },
        "end": {
          "line": 25,
          "column": 95
        }
      },
      "13": {
        "start": {
          "line": 26,
          "column": 4
        },
        "end": {
          "line": 26,
          "column": 24
        }
      },
      "14": {
        "start": {
          "line": 31,
          "column": 19
        },
        "end": {
          "line": 34,
          "column": 1
        }
      },
      "15": {
        "start": {
          "line": 35,
          "column": 19
        },
        "end": {
          "line": 38,
          "column": 1
        }
      },
      "16": {
        "start": {
          "line": 39,
          "column": 19
        },
        "end": {
          "line": 42,
          "column": 1
        }
      },
      "17": {
        "start": {
          "line": 44,
          "column": 2
        },
        "end": {
          "line": 103,
          "column": 5
        }
      },
      "18": {
        "start": {
          "line": 48,
          "column": 55
        },
        "end": {
          "line": 48,
          "column": 91
        }
      },
      "19": {
        "start": {
          "line": 81,
          "column": 59
        },
        "end": {
          "line": 81,
          "column": 95
        }
      },
      "20": {
        "start": {
          "line": 92,
          "column": 59
        },
        "end": {
          "line": 92,
          "column": 98
        }
      },
      "21": {
        "start": {
          "line": 105,
          "column": 0
        },
        "end": {
          "line": 105,
          "column": 31
        }
      },
      "22": {
        "start": {
          "line": 106,
          "column": 0
        },
        "end": {
          "line": 106,
          "column": 109
        }
      },
      "23": {
        "start": {
          "line": 107,
          "column": 0
        },
        "end": {
          "line": 109,
          "column": 3
        }
      },
      "24": {
        "start": {
          "line": 108,
          "column": 2
        },
        "end": {
          "line": 108,
          "column": 42
        }
      },
      "25": {
        "start": {
          "line": 110,
          "column": 0
        },
        "end": {
          "line": 118,
          "column": 3
        }
      },
      "26": {
        "start": {
          "line": 111,
          "column": 2
        },
        "end": {
          "line": 111,
          "column": 19
        }
      },
      "27": {
        "start": {
          "line": 111,
          "column": 12
        },
        "end": {
          "line": 111,
          "column": 19
        }
      },
      "28": {
        "start": {
          "line": 112,
          "column": 47
        },
        "end": {
          "line": 112,
          "column": 50
        }
      },
      "29": {
        "start": {
          "line": 113,
          "column": 2
        },
        "end": {
          "line": 117,
          "column": 3
        }
      },
      "30": {
        "start": {
          "line": 114,
          "column": 4
        },
        "end": {
          "line": 114,
          "column": 66
        }
      },
      "31": {
        "start": {
          "line": 116,
          "column": 4
        },
        "end": {
          "line": 116,
          "column": 57
        }
      }
    },
    "fnMap": {
      "0": {
        "name": "_interopVNode",
        "decl": {
          "start": {
            "line": 3,
            "column": 9
          },
          "end": {
            "line": 3,
            "column": 22
          }
        },
        "loc": {
          "start": {
            "line": 3,
            "column": 30
          },
          "end": {
            "line": 10,
            "column": 1
          }
        },
        "line": 3
      },
      "1": {
        "name": "_createElementVNode",
        "decl": {
          "start": {
            "line": 11,
            "column": 9
          },
          "end": {
            "line": 11,
            "column": 28
          }
        },
        "loc": {
          "start": {
            "line": 11,
            "column": 38
          },
          "end": {
            "line": 11,
            "column": 93
          }
        },
        "line": 11
      },
      "2": {
        "name": "_createVNode",
        "decl": {
          "start": {
            "line": 12,
            "column": 9
          },
          "end": {
            "line": 12,
            "column": 21
          }
        },
        "loc": {
          "start": {
            "line": 12,
            "column": 31
          },
          "end": {
            "line": 12,
            "column": 79
          }
        },
        "line": 12
      },
      "3": {
        "name": "_createElementBlock",
        "decl": {
          "start": {
            "line": 13,
            "column": 9
          },
          "end": {
            "line": 13,
            "column": 28
          }
        },
        "loc": {
          "start": {
            "line": 13,
            "column": 38
          },
          "end": {
            "line": 13,
            "column": 93
          }
        },
        "line": 13
      },
      "4": {
        "name": "(anonymous_4)",
        "decl": {
          "start": {
            "line": 21,
            "column": 2
          },
          "end": {
            "line": 21,
            "column": 3
          }
        },
        "loc": {
          "start": {
            "line": 21,
            "column": 39
          },
          "end": {
            "line": 27,
            "column": 3
          }
        },
        "line": 21
      },
      "5": {
        "name": "_sfc_render",
        "decl": {
          "start": {
            "line": 43,
            "column": 9
          },
          "end": {
            "line": 43,
            "column": 20
          }
        },
        "loc": {
          "start": {
            "line": 43,
            "column": 68
          },
          "end": {
            "line": 104,
            "column": 1
          }
        },
        "line": 43
      },
      "6": {
        "name": "(anonymous_6)",
        "decl": {
          "start": {
            "line": 48,
            "column": 43
          },
          "end": {
            "line": 48,
            "column": 44
          }
        },
        "loc": {
          "start": {
            "line": 48,
            "column": 55
          },
          "end": {
            "line": 48,
            "column": 91
          }
        },
        "line": 48
      },
      "7": {
        "name": "(anonymous_7)",
        "decl": {
          "start": {
            "line": 81,
            "column": 47
          },
          "end": {
            "line": 81,
            "column": 48
          }
        },
        "loc": {
          "start": {
            "line": 81,
            "column": 59
          },
          "end": {
            "line": 81,
            "column": 95
          }
        },
        "line": 81
      },
      "8": {
        "name": "(anonymous_8)",
        "decl": {
          "start": {
            "line": 92,
            "column": 47
          },
          "end": {
            "line": 92,
            "column": 48
          }
        },
        "loc": {
          "start": {
            "line": 92,
            "column": 59
          },
          "end": {
            "line": 92,
            "column": 98
          }
        },
        "line": 92
      },
      "9": {
        "name": "(anonymous_9)",
        "decl": {
          "start": {
            "line": 107,
            "column": 35
          },
          "end": {
            "line": 107,
            "column": 36
          }
        },
        "loc": {
          "start": {
            "line": 107,
            "column": 49
          },
          "end": {
            "line": 109,
            "column": 1
          }
        },
        "line": 107
      },
      "10": {
        "name": "(anonymous_10)",
        "decl": {
          "start": {
            "line": 110,
            "column": 23
          },
          "end": {
            "line": 110,
            "column": 24
          }
        },
        "loc": {
          "start": {
            "line": 110,
            "column": 32
          },
          "end": {
            "line": 118,
            "column": 1
          }
        },
        "line": 110
      }
    },
    "branchMap": {
      "0": {
        "loc": {
          "start": {
            "line": 4,
            "column": 2
          },
          "end": {
            "line": 8,
            "column": 3
          }
        },
        "type": "if",
        "locations": [
          {
            "start": {
              "line": 4,
              "column": 2
            },
            "end": {
              "line": 8,
              "column": 3
            }
          },
          {
            "start": {},
            "end": {}
          }
        ],
        "line": 4
      },
      "1": {
        "loc": {
          "start": {
            "line": 4,
            "column": 6
          },
          "end": {
            "line": 4,
            "column": 63
          }
        },
        "type": "binary-expr",
        "locations": [
          {
            "start": {
              "line": 4,
              "column": 6
            },
            "end": {
              "line": 4,
              "column": 11
            }
          },
          {
            "start": {
              "line": 4,
              "column": 15
            },
            "end": {
              "line": 4,
              "column": 26
            }
          },
          {
            "start": {
              "line": 4,
              "column": 30
            },
            "end": {
              "line": 4,
              "column": 63
            }
          }
        ],
        "line": 4
      },
      "2": {
        "loc": {
          "start": {
            "line": 48,
            "column": 17
          },
          "end": {
            "line": 48,
            "column": 92
          }
        },
        "type": "binary-expr",
        "locations": [
          {
            "start": {
              "line": 48,
              "column": 17
            },
            "end": {
              "line": 48,
              "column": 26
            }
          },
          {
            "start": {
              "line": 48,
              "column": 31
            },
            "end": {
              "line": 48,
              "column": 91
            }
          }
        ],
        "line": 48
      },
      "3": {
        "loc": {
          "start": {
            "line": 50,
            "column": 13
          },
          "end": {
            "line": 75,
            "column": 8
          }
        },
        "type": "binary-expr",
        "locations": [
          {
            "start": {
              "line": 50,
              "column": 13
            },
            "end": {
              "line": 50,
              "column": 22
            }
          },
          {
            "start": {
              "line": 50,
              "column": 27
            },
            "end": {
              "line": 75,
              "column": 7
            }
          }
        ],
        "line": 50
      },
      "4": {
        "loc": {
          "start": {
            "line": 81,
            "column": 21
          },
          "end": {
            "line": 81,
            "column": 96
          }
        },
        "type": "binary-expr",
        "locations": [
          {
            "start": {
              "line": 81,
              "column": 21
            },
            "end": {
              "line": 81,
              "column": 30
            }
          },
          {
            "start": {
              "line": 81,
              "column": 35
            },
            "end": {
              "line": 81,
              "column": 95
            }
          }
        ],
        "line": 81
      },
      "5": {
        "loc": {
          "start": {
            "line": 92,
            "column": 21
          },
          "end": {
            "line": 92,
            "column": 99
          }
        },
        "type": "binary-expr",
        "locations": [
          {
            "start": {
              "line": 92,
              "column": 21
            },
            "end": {
              "line": 92,
              "column": 30
            }
          },
          {
            "start": {
              "line": 92,
              "column": 35
            },
            "end": {
              "line": 92,
              "column": 98
            }
          }
        ],
        "line": 92
      },
      "6": {
        "loc": {
          "start": {
            "line": 106,
            "column": 0
          },
          "end": {
            "line": 106,
            "column": 108
          }
        },
        "type": "binary-expr",
        "locations": [
          {
            "start": {
              "line": 106,
              "column": 0
            },
            "end": {
              "line": 106,
              "column": 42
            }
          },
          {
            "start": {
              "line": 106,
              "column": 46
            },
            "end": {
              "line": 106,
              "column": 108
            }
          }
        ],
        "line": 106
      },
      "7": {
        "loc": {
          "start": {
            "line": 111,
            "column": 2
          },
          "end": {
            "line": 111,
            "column": 19
          }
        },
        "type": "if",
        "locations": [
          {
            "start": {
              "line": 111,
              "column": 2
            },
            "end": {
              "line": 111,
              "column": 19
            }
          },
          {
            "start": {},
            "end": {}
          }
        ],
        "line": 111
      },
      "8": {
        "loc": {
          "start": {
            "line": 113,
            "column": 2
          },
          "end": {
            "line": 117,
            "column": 3
          }
        },
        "type": "if",
        "locations": [
          {
            "start": {
              "line": 113,
              "column": 2
            },
            "end": {
              "line": 117,
              "column": 3
            }
          },
          {
            "start": {
              "line": 115,
              "column": 9
            },
            "end": {
              "line": 117,
              "column": 3
            }
          }
        ],
        "line": 113
      }
    },
    "s": {
      "0": 60,
      "1": 60,
      "2": 60,
      "3": 60,
      "4": 60,
      "5": 42,
      "6": 12,
      "7": 6,
      "8": 6,
      "9": 6,
      "10": 6,
      "11": 6,
      "12": 6,
      "13": 6,
      "14": 6,
      "15": 6,
      "16": 6,
      "17": 6,
      "18": 0,
      "19": 0,
      "20": 0,
      "21": 6,
      "22": 6,
      "23": 6,
      "24": 0,
      "25": 6,
      "26": 0,
      "27": 0,
      "28": 0,
      "29": 0,
      "30": 0,
      "31": 0
    },
    "f": {
      "0": 60,
      "1": 42,
      "2": 12,
      "3": 6,
      "4": 6,
      "5": 6,
      "6": 0,
      "7": 0,
      "8": 0,
      "9": 0,
      "10": 0
    },
    "b": {
      "0": [
        60,
        0
      ],
      "1": [
        60,
        60,
        60
      ],
      "2": [
        6,
        6
      ],
      "3": [
        6,
        6
      ],
      "4": [
        6,
        6
      ],
      "5": [
        6,
        6
      ],
      "6": [
        6,
        6
      ],
      "7": [
        0,
        0
      ],
      "8": [
        0,
        0
      ]
    },
    "inputSourceMap": {
      "version": 3,
      "mappings": ";;;;;;;;;;;;;;;AAuCA,SAAS,iBAAiB;AAC1B,OAAO,sBAAsB;AAC7B,OAAO,kBAAkB;;;;;AAEzB,UAAM,SAAS,UAAU;;;;;;;OAjCf,gBAAuB;;EAR7B,OAAM;AAAA,EAAmG,oBAAiB;;;EAErH,OAAM;AAAA,EAAuE,oBAAiB;;;EAc5F,OAAM;AAAA,EAAuB,oBAAiB;;;uBAjBvD,oBAkCS,UAlCT,YAkCS;AAAA,IA/BP,oBA8BM,OA9BN,YA8BM;AAAA,MA7BJ,oBAYS;AAAA,QAXP,OAAM;AAAA,QACL,SAAK,sCAAE,cAAO,KAAI;AAAA,QAAoB,oBAAiB;AAAA;QAExD;AAAA,UAME;AAAA;AAAA,YALA;AAAA,YACA,KAAI;AAAA,YACJ,OAAM;AAAA,YACN,QAAO;AAAA,YACP,OAAM;AAAA,YAA2B,oBAAiB;AAAA;;;;;QAEpD;AAAA,UAAwG;AAAA;AAAA,YAAlG,OAAM;AAAA,YAAwB,oBAAiB;AAAA;UAAsC;AAAA,UAAM;AAAA;AAAA;AAAA;MAEnG,oBAeM,OAfN,YAeM;AAAA,QAdJ;AAAA,UAKS;AAAA;AAAA,YAJP,OAAM;AAAA,YACL,SAAK,sCAAE,cAAO,KAAI;AAAA,YAAoB,oBAAiB;AAAA;2BAErD,QAAE;AAAA;AAAA;AAAA;AAAA,QAEP;AAAA,UAKS;AAAA;AAAA,YAJP,OAAM;AAAA,YACL,SAAK,sCAAE,cAAO,KAAI;AAAA,YAAuB,oBAAiB;AAAA;2BAExD,QAAE;AAAA;AAAA;AAAA;AAAA,QAEP,aAAwE,0BAAzD,oBAAiB,sCAAqC;AAAA,QACrE,aAA4E,8BAAzD,oBAAiB,sCAAqC;AAAA",
      "names": [],
      "ignoreList": [],
      "sources": [
        "/Users/gael/Desktop/INSSET_COURS/ProjetThematique/web/src/components/HeaderBlock.vue"
      ],
      "file": "/Users/gael/Desktop/INSSET_COURS/ProjetThematique/web/src/components/HeaderBlock.vue"
    },
    "_coverageSchema": "1a1c01bbd47fc00a2c39e90264f33305004495a9",
    "hash": "606cdf7a83a246755d1a5ebe0cdfacdd026c1194"
  },
  "/Users/gael/Desktop/INSSET_COURS/ProjetThematique/web/src/services/axiosOverlay.js": {
    "path": "/Users/gael/Desktop/INSSET_COURS/ProjetThematique/web/src/services/axiosOverlay.js",
    "statementMap": {
      "0": {
        "start": {
          "line": 3,
          "column": 29
        },
        "end": {
          "line": 32,
          "column": 1
        }
      },
      "1": {
        "start": {
          "line": 9,
          "column": 6
        },
        "end": {
          "line": 9,
          "column": 29
        }
      },
      "2": {
        "start": {
          "line": 13,
          "column": 6
        },
        "end": {
          "line": 13,
          "column": 36
        }
      },
      "3": {
        "start": {
          "line": 17,
          "column": 6
        },
        "end": {
          "line": 17,
          "column": 27
        }
      },
      "4": {
        "start": {
          "line": 21,
          "column": 6
        },
        "end": {
          "line": 21,
          "column": 69
        }
      },
      "5": {
        "start": {
          "line": 22,
          "column": 6
        },
        "end": {
          "line": 22,
          "column": 21
        }
      },
      "6": {
        "start": {
          "line": 27,
          "column": 8
        },
        "end": {
          "line": 27,
          "column": 30
        }
      },
      "7": {
        "start": {
          "line": 28,
          "column": 8
        },
        "end": {
          "line": 28,
          "column": 21
        }
      },
      "8": {
        "start": {
          "line": 36,
          "column": 2
        },
        "end": {
          "line": 36,
          "column": 63
        }
      },
      "9": {
        "start": {
          "line": 37,
          "column": 2
        },
        "end": {
          "line": 37,
          "column": 93
        }
      },
      "10": {
        "start": {
          "line": 38,
          "column": 2
        },
        "end": {
          "line": 41,
          "column": 3
        }
      },
      "11": {
        "start": {
          "line": 42,
          "column": 2
        },
        "end": {
          "line": 45,
          "column": 3
        }
      },
      "12": {
        "start": {
          "line": 47,
          "column": 21
        },
        "end": {
          "line": 47,
          "column": 61
        }
      },
      "13": {
        "start": {
          "line": 49,
          "column": 17
        },
        "end": {
          "line": 49,
          "column": 31
        }
      },
      "14": {
        "start": {
          "line": 51,
          "column": 2
        },
        "end": {
          "line": 53,
          "column": 3
        }
      },
      "15": {
        "start": {
          "line": 52,
          "column": 4
        },
        "end": {
          "line": 52,
          "column": 80
        }
      },
      "16": {
        "start": {
          "line": 55,
          "column": 2
        },
        "end": {
          "line": 55,
          "column": 57
        }
      },
      "17": {
        "start": {
          "line": 57,
          "column": 2
        },
        "end": {
          "line": 61,
          "column": 3
        }
      },
      "18": {
        "start": {
          "line": 58,
          "column": 4
        },
        "end": {
          "line": 60,
          "column": 5
        }
      },
      "19": {
        "start": {
          "line": 59,
          "column": 6
        },
        "end": {
          "line": 59,
          "column": 51
        }
      },
      "20": {
        "start": {
          "line": 63,
          "column": 2
        },
        "end": {
          "line": 137,
          "column": 4
        }
      },
      "21": {
        "start": {
          "line": 64,
          "column": 4
        },
        "end": {
          "line": 136,
          "column": 8
        }
      },
      "22": {
        "start": {
          "line": 66,
          "column": 8
        },
        "end": {
          "line": 66,
          "column": 25
        }
      },
      "23": {
        "start": {
          "line": 69,
          "column": 8
        },
        "end": {
          "line": 85,
          "column": 9
        }
      },
      "24": {
        "start": {
          "line": 70,
          "column": 10
        },
        "end": {
          "line": 84,
          "column": 11
        }
      },
      "25": {
        "start": {
          "line": 71,
          "column": 12
        },
        "end": {
          "line": 71,
          "column": 71
        }
      },
      "26": {
        "start": {
          "line": 74,
          "column": 29
        },
        "end": {
          "line": 74,
          "column": 63
        }
      },
      "27": {
        "start": {
          "line": 75,
          "column": 12
        },
        "end": {
          "line": 81,
          "column": 13
        }
      },
      "28": {
        "start": {
          "line": 76,
          "column": 34
        },
        "end": {
          "line": 79,
          "column": 15
        }
      },
      "29": {
        "start": {
          "line": 80,
          "column": 14
        },
        "end": {
          "line": 80,
          "column": 68
        }
      },
      "30": {
        "start": {
          "line": 83,
          "column": 12
        },
        "end": {
          "line": 83,
          "column": 65
        }
      },
      "31": {
        "start": {
          "line": 89,
          "column": 22
        },
        "end": {
          "line": 102,
          "column": 9
        }
      },
      "32": {
        "start": {
          "line": 90,
          "column": 30
        },
        "end": {
          "line": 100,
          "column": 11
        }
      },
      "33": {
        "start": {
          "line": 101,
          "column": 10
        },
        "end": {
          "line": 101,
          "column": 55
        }
      },
      "34": {
        "start": {
          "line": 118,
          "column": 8
        },
        "end": {
          "line": 135,
          "column": 12
        }
      },
      "35": {
        "start": {
          "line": 119,
          "column": 10
        },
        "end": {
          "line": 126,
          "column": 12
        }
      },
      "36": {
        "start": {
          "line": 128,
          "column": 10
        },
        "end": {
          "line": 135,
          "column": 12
        }
      }
    },
    "fnMap": {
      "0": {
        "name": "(anonymous_0)",
        "decl": {
          "start": {
            "line": 8,
            "column": 14
          },
          "end": {
            "line": 8,
            "column": 15
          }
        },
        "loc": {
          "start": {
            "line": 8,
            "column": 20
          },
          "end": {
            "line": 11,
            "column": 5
          }
        },
        "line": 8
      },
      "1": {
        "name": "(anonymous_1)",
        "decl": {
          "start": {
            "line": 12,
            "column": 14
          },
          "end": {
            "line": 12,
            "column": 15
          }
        },
        "loc": {
          "start": {
            "line": 12,
            "column": 25
          },
          "end": {
            "line": 15,
            "column": 5
          }
        },
        "line": 12
      },
      "2": {
        "name": "(anonymous_2)",
        "decl": {
          "start": {
            "line": 16,
            "column": 12
          },
          "end": {
            "line": 16,
            "column": 13
          }
        },
        "loc": {
          "start": {
            "line": 16,
            "column": 18
          },
          "end": {
            "line": 19,
            "column": 5
          }
        },
        "line": 16
      },
      "3": {
        "name": "(anonymous_3)",
        "decl": {
          "start": {
            "line": 20,
            "column": 16
          },
          "end": {
            "line": 20,
            "column": 17
          }
        },
        "loc": {
          "start": {
            "line": 20,
            "column": 30
          },
          "end": {
            "line": 23,
            "column": 5
          }
        },
        "line": 20
      },
      "4": {
        "name": "(anonymous_4)",
        "decl": {
          "start": {
            "line": 26,
            "column": 15
          },
          "end": {
            "line": 26,
            "column": 16
          }
        },
        "loc": {
          "start": {
            "line": 26,
            "column": 38
          },
          "end": {
            "line": 29,
            "column": 7
          }
        },
        "line": 26
      },
      "5": {
        "name": "axiosOverlay",
        "decl": {
          "start": {
            "line": 34,
            "column": 30
          },
          "end": {
            "line": 34,
            "column": 42
          }
        },
        "loc": {
          "start": {
            "line": 34,
            "column": 94
          },
          "end": {
            "line": 138,
            "column": 1
          }
        },
        "line": 34
      },
      "6": {
        "name": "(anonymous_6)",
        "decl": {
          "start": {
            "line": 63,
            "column": 21
          },
          "end": {
            "line": 63,
            "column": 22
[...]
B,UAAM,WAAW,IAAI,EAAE;AAQvB,UAAM,QAAQ,IAAyC,IAAI;AAC3D,UAAM,OAAO,IAAI,CAAC;AAElB,UAAM,YAAY,aAAa;AAG/B,UAAM,YAAY,YAAY;AAC5B,UAAI,CAAC,MAAM,SAAS,CAAC,SAAS,MAAO;AACrC,YAAM,QAAQ,MAAM,UAAU,MAAM,EAAE,OAAO,MAAM,OAAO,UAAU,SAAS,MAAM,CAAC;AACpF,UAAI,OAAO,MAAM,UAAU,aAAa,MAAM,OAAO;AACnD,aAAK,QAAQ;AAAA,MACf,WAAW,MAAM,UAAU,MAAM;AAE/B,2BAAmB;AAAA,MACrB;AAAA,IACF;AAEA,UAAM,cAAc,OAAO,SAAiB;AAC1C,YAAM,QAAQ,MAAM,UAAU,YAAY;AAAA,QACxC,OAAO,MAAM;AAAA,QACb;AAAA,MACF,CAAC;AAED,UAAI,MAAM,SAAS,MAAM,MAAM,OAAO;AACpC,2BAAmB;AAAA,MACrB;AAAA,IACF;AAGA,UAAM,oBAAoB,CAAC,aAAsC;AAE/D,YAAM,UAAU,SAAS;AACzB,UAAI,SAAS;AACX,wBAAgB,OAAO;AAAA,MACzB;AAAA,IACF;AAEA,UAAM,kBAAkB,OAAO,UAAkB;AAC/C,YAAM,SAAS,MAAM,UAAU,YAAY,KAAK;AAEhD,UAAI,UAAU,OAAO,OAAO;AAE1B,2BAAmB;AAAA,MACrB,OAAO;AACL,cAAM,QAAQ,UAAU;AAAA,UACtB;AAAA,YACE,MAAM;AAAA,YACN,aAAa,EAAE,kBAAkB;AAAA,UACnC;AAAA,QACF;AAAA,MACF;AAAA,IACF;AAGA,UAAM,qBAAqB,MAAM;AAC/B,UAAI,UAAU,UAAU;AACtB,cAAM,cAAc,UAAU;AAC9B,kBAAU,WAAW;AACrB,eAAO,KAAK,WAAW;AAAA,MACzB,OAAO;AACL,eAAO,KAAK,EAAE,MAAM,OAAO,CAAC;AAAA,MAC9B;AAAA,IACF;;;;;;;;EA9KW,OAAM;AAAA,EAAY,oBAAiB;;;EAClC,OAAM;AAAA,EAAoC,oBAAiB;;;EAC7D,OAAM;AAAA,EAAwD,oBAAiB;;;EAG9E,OAAM;AAAA,EAAa,oBAAiB;;;;EAIlB,OAAM;AAAA,EAA+B,oBAAiB;;qBAGlE,oBAAiB,0CAAyC;;EACtD,OAAM;AAAA,EAAgD,KAAI;AAAA,EAAW,oBAAiB;;;qBAY1F,oBAAiB,0CAAyC;;EACtD,OAAM;AAAA,EAAgD,KAAI;AAAA,EAAW,oBAAiB;;;;EAWxF,OAAM;AAAA,EAAe,oBAAiB;;;EACjC,MAAK;AAAA,EAAS,OAAM;AAAA,EAAgC,oBAAiB;;;EAK5E,OAAM;AAAA,EAA8C,oBAAiB;;;EAIhE,eAAY;AAAA,EAAe,MAAK;AAAA,EAAS,OAAM;AAAA,EAAkB,oBAAiB;;;;EAK5E,OAAM;AAAA,EAAO,oBAAiB;;;EAE5C,OAAM;AAAA,EACN,MAAK;AAAA,EAAQ,oBAAiB;;;EAc7B,OAAM;AAAA,EAA6B,oBAAiB;;;EAClD,OAAM;AAAA,EAAyC,oBAAiB;;;EAE7D,OAAM;AAAA,EAA0B,oBAAiB;;;EAOtD,OAAM;AAAA,EAA2C,oBAAiB;;;;EAQ/D,OAAM;AAAA,EAA+B,oBAAiB;;;;;uBAvFtE,oBA2FU,WA3FV,YA2FU;AAAA,IA1FR,oBAKS,UALT,YAKS;AAAA,MAJP,oBAEK,MAFL,YAEK;AAAA,QADH,aAAuG;AAAA,UAApF,MAAK;AAAA,UAAO,OAAM;AAAA,UAAO,oBAAiB;AAAA;;UAA0C,MAAC,iBAAG,QAAE;AAAA;AAAA;AAAA;AAAA;MAE/G;AAAA,QAAmH;AAAA,QAAnH;AAAA,QAAmH,iBAA/B,QAAE;AAAA;AAAA;AAAA;AAAA;IAGxF,aAkFa;AAAA,MAlFD,MAAK;AAAA,MAAO,MAAK;AAAA,MAAS,oBAAiB;AAAA;wBAOhD,MA6IL;AAAA,QAnJW,gBAAI,mBAAf,oBA6EM,OA7EN,YA6EM;AAAA,UA5EJ,aA2EgB;AAAA,YA3EA,SAAS,iBAAU;AAAA,YAAW,oBAAiB;AAAA;8BAC7D,MAwCO;AAAA,cAxCP;AAAA,gBAwCO;AAAA;AAAA,kBAxCD,OAAM;AAAA,kBAAa,UAAM,eAAU,kBAAS;AAAA,kBAAE,oBAAiB;AAAA;;kBACnE,oBAYM,OAZN,YAYM;AAAA,oBAXJ;AAAA,sBAEU;AAAA,sBAFV;AAAA,sBAEU,iBADR,QAAE;AAAA;AAAA;AAAA;AAAA,oCAEJ,oBAOE;AAAA,sBANA,IAAG;AAAA,sBACH,eAAY;AAAA,mFACH,eAAK;AAAA,sBACd,MAAK;AAAA,sBACL,OAAM;AAAA,sBACL,aAAa,QAAE;AAAA,sBAAoC,oBAAiB;AAAA;oCAH5D,YAAK;AAAA;;kBAMlB,oBAiBM,OAjBN,YAiBM;AAAA,oBAhBJ;AAAA,sBAEU;AAAA,sBAFV;AAAA,sBAEU,iBADR,QAAE;AAAA;AAAA;AAAA;AAAA,oCAEJ,oBAOE;AAAA,sBANA,IAAG;AAAA,sBACH,eAAY;AAAA,mFACH,kBAAQ;AAAA,sBACjB,MAAK;AAAA,sBACL,OAAM;AAAA,sBACL,aAAa,QAAE;AAAA,sBAAoC,oBAAiB;AAAA;oCAH5D,eAAQ;AAAA;oBAKnB,oBAIM,OAJN,aAIM;AAAA,sBAHJ;AAAA,wBAES;AAAA,wBAFT;AAAA,wBAES,iBADJ,QAAE;AAAA;AAAA;AAAA;AAAA;;kBAIX,oBAOM,OAPN,aAOM;AAAA,oBANJ;AAAA,sBAES;AAAA;AAAA,wBAFD,MAAK;AAAA,wBAAS,OAAM;AAAA,wBAAqB,SAAK,sCAAE,WAAK;AAAA,wBAAU,oBAAiB;AAAA;uCACnF,QAAE;AAAA;AAAA;AAAA;AAAA,oBAEP;AAAA,sBAES;AAAA,sBAFT;AAAA,sBAES,iBADJ,QAAE;AAAA;AAAA;AAAA;AAAA;;;;;cAIA,8BAAX,oBAeM,OAfN,aAeM;AAAA,gBAdJ,oBAaM,OAbN,aAaM;AAAA,qCATJ;AAAA,oBAQK;AAAA;AAAA,gCAPa,OAAO,KAAK,YAAK,IAA1B,UAAK;2CADd,oBAQK;AAAA,wBANF,KAAK;AAAA,wBACN,OAAM;AAAA,wBAA6B,oBAAiB;AAAA;2CAEpD;AAAA,0BAEK;AAAA;AAAA,sCAFoB,aAAM,KAAK,IAAxB,KAAK,QAAG;iDAApB;AAAA,8BAEK;AAAA;AAAA,gCAFmC,KAAK;AAAA,gCAAK,oBAAiB;AAAA;sDACvD,QAAG,WAAgB,MAAM,KAAK,WAAW;AAAA;AAAA;AAAA;AAAA;;;;;;;;;;;cAM3D,oBAQM,OARN,aAQM;AAAA,gBAPJ,oBAIM,OAJN,aAIM;AAAA,4CAHJ;AAAA,oBAA6G;AAAA;AAAA,sBAAxG,OAAM;AAAA,sBAAiC,oBAAiB;AAAA;;;;;kBAC7D;AAAA,oBAA6H;AAAA,oBAA7H;AAAA,oBAA6H,iBAAzB,QAAE;AAAA;AAAA;AAAA;AAAA,4CACtG;AAAA,oBAA6G;AAAA;AAAA,sBAAxG,OAAM;AAAA,sBAAiC,oBAAiB;AAAA;;;;;;gBAG/D,aAAyG;AAAA,kBAA1F,UAAU;AAAA,kBAAmB,oBAAiB;AAAA;;cAG/D,oBAKM,OALN,aAKM;AAAA;mCAJD,QAAE,2BAA2B;AAAA,kBAChC;AAAA;AAAA;AAAA;AAAA,kBAES;AAAA;AAAA,oBAFD,OAAM;AAAA,oBAAsC,SAAK,sCAAE,WAAK;AAAA,oBAAmB,oBAAiB;AAAA;mCAC/F,QAAE;AAAA;AAAA;AAAA;AAAA;;;;;6BAKb,oBAEM,OAFN,aAEM;AAAA,UADJ,aAAkI;AAAA,YAAtH,SAAS,iBAAU;AAAA,YAAY,gBAAc;AAAA,YAAa,oBAAiB;AAAA",
      "names": [],
      "ignoreList": [],
      "sources": [
        "/Users/gael/Desktop/INSSET_COURS/ProjetThematique/web/src/components/auth/AuthLogin.vue"
      ],
      "file": "/Users/gael/Desktop/INSSET_COURS/ProjetThematique/web/src/components/auth/AuthLogin.vue"
    },
    "_coverageSchema": "1a1c01bbd47fc00a2c39e90264f33305004495a9",
    "hash": "bec929c1f68f7d347f8cd3772268a7cb017f973e"
  },
  "/Users/gael/Desktop/INSSET_COURS/ProjetThematique/web/src/views/LoginPage.vue": {
    "path": "/Users/gael/Desktop/INSSET_COURS/ProjetThematique/web/src/views/LoginPage.vue",
    "statementMap": {
      "0": {
        "start": {
          "line": 4,
          "column": 2
        },
        "end": {
          "line": 8,
          "column": 3
        }
      },
      "1": {
        "start": {
          "line": 5,
          "column": 17
        },
        "end": {
          "line": 5,
          "column": 48
        }
      },
      "2": {
        "start": {
          "line": 6,
          "column": 4
        },
        "end": {
          "line": 6,
          "column": 42
        }
      },
      "3": {
        "start": {
          "line": 7,
          "column": 4
        },
        "end": {
          "line": 7,
          "column": 91
        }
      },
      "4": {
        "start": {
          "line": 9,
          "column": 2
        },
        "end": {
          "line": 9,
          "column": 14
        }
      },
      "5": {
        "start": {
          "line": 11,
          "column": 33
        },
        "end": {
          "line": 11,
          "column": 77
        }
      },
      "6": {
        "start": {
          "line": 12,
          "column": 40
        },
        "end": {
          "line": 12,
          "column": 91
        }
      },
      "7": {
        "start": {
          "line": 17,
          "column": 34
        },
        "end": {
          "line": 26,
          "column": 2
        }
      },
      "8": {
        "start": {
          "line": 20,
          "column": 4
        },
        "end": {
          "line": 20,
          "column": 15
        }
      },
      "9": {
        "start": {
          "line": 21,
          "column": 19
        },
        "end": {
          "line": 21,
          "column": 30
        }
      },
      "10": {
        "start": {
          "line": 22,
          "column": 25
        },
        "end": {
          "line": 22,
          "column": 46
        }
      },
      "11": {
        "start": {
          "line": 23,
          "column": 4
        },
        "end": {
          "line": 23,
          "column": 95
        }
      },
      "12": {
        "start": {
          "line": 24,
          "column": 4
        },
        "end": {
          "line": 24,
          "column": 24
        }
      },
      "13": {
        "start": {
          "line": 28,
          "column": 19
        },
        "end": {
          "line": 31,
          "column": 1
        }
      },
      "14": {
        "start": {
          "line": 33,
          "column": 2
        },
        "end": {
          "line": 39,
          "column": 5
        }
      },
      "15": {
        "start": {
          "line": 35,
          "column": 52
        },
        "end": {
          "line": 35,
          "column": 91
        }
      },
      "16": {
        "start": {
          "line": 36,
          "column": 60
        },
        "end": {
          "line": 36,
          "column": 100
        }
      },
      "17": {
        "start": {
          "line": 41,
          "column": 0
        },
        "end": {
          "line": 41,
          "column": 31
        }
      },
      "18": {
        "start": {
          "line": 42,
          "column": 0
        },
        "end": {
          "line": 42,
          "column": 109
        }
      },
      "19": {
        "start": {
          "line": 43,
          "column": 0
        },
        "end": {
          "line": 45,
          "column": 3
        }
      },
      "20": {
        "start": {
          "line": 44,
          "column": 2
        },
        "end": {
          "line": 44,
          "column": 42
        }
      },
      "21": {
        "start": {
          "line": 46,
          "column": 0
        },
        "end": {
          "line": 54,
          "column": 3
        }
      },
      "22": {
        "start": {
          "line": 47,
          "column": 2
        },
        "end": {
          "line": 47,
          "column": 19
        }
      },
      "23": {
        "start": {
          "line": 47,
          "column": 12
        },
        "end": {
          "line": 47,
          "column": 19
        }
      },
      "24": {
        "start": {
          "line": 48,
          "column": 47
        },
        "end": {
          "line": 48,
          "column": 50
        }
      },
      "25": {
        "start": {
          "line": 49,
          "column": 2
        },
        "end": {
          "line": 53,
          "column": 3
        }
      },
      "26": {
        "start": {
          "line": 50,
          "column": 4
        },
        "end": {
          "line": 50,
          "column": 66
        }
      },
      "27": {
        "start": {
          "line": 52,
          "column": 4
        },
        "end": {
          "line": 52,
          "column": 57
        }
      }
    },
    "fnMap": {
      "0": {
        "name": "_interopVNode",
        "decl": {
          "start": {
            "line": 3,
            "column": 9
          },
          "end": {
            "line": 3,
            "column": 22
          }
        },
        "loc": {
          "start": {
            "line": 3,
            "column": 30
          },
          "end": {
            "line": 10,
            "column": 1
          }
        },
        "line": 3
      },
      "1": {
        "name": "_createVNode",
        "decl": {
          "start": {
            "line": 11,
            "column": 9
          },
          "end": {
            "line": 11,
            "column": 21
          }
        },
        "loc": {
          "start": {
            "line": 11,
            "column": 31
          },
          "end": {
            "line": 11,
            "column": 79
          }
        },
        "line": 11
      },
      "2": {
        "name": "_createElementBlock",
        "decl": {
          "start": {
            "line": 12,
            "column": 9
          },
          "end": {
            "line": 12,
            "column": 28
          }
        },
        "loc": {
          "start": {
            "line": 12,
            "column": 38
          },
          "end": {
            "line": 12,
            "column": 93
          }
        },
        "line": 12
      },
      "3": {
        "name": "(anonymous_3)",
        "decl": {
          "start": {
            "line": 19,
            "column": 2
          },
          "end": {
            "line": 19,
            "column": 3
          }
        },
        "loc": {
          "start": {
            "line": 19,
            "column": 39
          },
          "end": {
            "line": 25,
            "column": 3
          }
        },
        "line": 19
      },
      "4": {
        "name": "_sfc_render",
        "decl": {
          "start": {
            "line": 32,
            "column": 9
          },
          "end": {
            "line": 32,
            "column": 20
          }
        },
        "loc": {
          "start": {
            "line": 32,
            "column": 68
          },
          "end": {
            "line": 40,
            "column": 1
          }
        },
        "line": 32
      },
      "5": {
        "name": "(anonymous_5)",
        "decl": {
          "start": {
            "line": 35,
            "column": 40
          },
          "end": {
            "line": 35,
            "column": 41
          }
        },
        "loc": {
          "start": {
            "line": 35,
            "column": 52
          },
          "end": {
            "line": 35,
            "column": 91
          }
        },
        "line": 35
      },
      "6": {
        "name": "(anonymous_6)",
        "decl": {
          "start": {
            "line": 36,
            "column": 48
          },
          "end": {
            "line": 36,
            "column": 49
          }
        },
        "loc": {
          "start": {
            "line": 36,
            "column": 60
          },
          "end": {
            "line": 36,
            "column": 100
          }
        },
        "line": 36
      },
      "7": {
        "name": "(anonymous_7)",
        "decl": {
          "start": {
            "line": 43,
            "column": 35
          },
          "end": {
            "line": 43,
            "column": 36
          }
        },
        "loc": {
          "start": {
            "line": 43,
            "column": 49
          },
          "end": {
            "line": 45,
            "column": 1
          }
        },
        "line": 43
      },
      "8": {
        "name": "(anonymous_8)",
        "decl": {
          "start": {
            "line": 46,
            "column": 23
          },
          "end": {
            "line": 46,
            "column": 24
          }
        },
        "loc": {
          "start": {
            "line": 46,
            "column": 32
          },
          "end": {
            "line": 54,
            "column": 1
          }
        },
        "line": 46
      }
    },
    "branchMap": {
      "0": {
        "loc": {
          "start": {
            "line": 4,
            "column": 2
          },
          "end": {
            "line": 8,
            "column": 3
          }
        },
        "type": "if",
        "locations": [
          {
            "start": {
              "line": 4,
              "column": 2
            },
            "end": {
              "line": 8,
              "column": 3
            }
          },
          {
            "start": {},
            "end": {}
          }
        ],
        "line": 4
      },
      "1": {
        "loc": {
          "start": {
            "line": 4,
            "column": 6
          },
          "end": {
            "line": 4,
            "column": 63
          }
        },
        "type": "binary-expr",
        "locations": [
          {
            "start": {
              "line": 4,
              "column": 6
            },
            "end": {
              "line": 4,
              "column": 11
            }
          },
          {
            "start": {
              "line": 4,
              "column": 15
            },
            "end": {
              "line": 4,
              "column": 26
            }
          },
          {
            "start": {
              "line": 4,
              "column": 30
            },
            "end": {
              "line": 4,
              "column": 63
            }
          }
        ],
        "line": 4
      },
      "2": {
        "loc": {
          "start": {
            "line": 35,
            "column": 14
          },
          "end": {
            "line": 35,
            "column": 92
          }
        },
        "type": "binary-expr",
        "locations": [
          {
            "start": {
              "line": 35,
              "column": 14
            },
            "end": {
              "line": 35,
              "column": 23
            }
          },
          {
            "start": {
              "line": 35,
              "column": 28
            },
            "end": {
              "line": 35,
              "column": 91
            }
          }
        ],
        "line": 35
      },
      "3": {
        "loc": {
          "start": {
            "line": 36,
            "column": 22
          },
          "end": {
            "line": 36,
            "column": 101
          }
        },
        "type": "binary-expr",
        "locations": [
          {
            "start": {
              "line": 36,
              "column": 22
            },
            "end": {
              "line": 36,
              "column": 31
            }
          },
          {
            "start": {
              "line": 36,
              "column": 36
            },
            "end": {
              "line": 36,
              "column": 100
            }
          }
        ],
        "line": 36
      },
      "4": {
        "loc": {
          "start": {
            "line": 42,
            "column": 0
          },
          "end": {
            "line": 42,
            "column": 108
          }
        },
        "type": "binary-expr",
        "locations": [
          {
            "start": {
              "line": 42,
              "column": 0
            },
            "end": {
              "line": 42,
              "column": 42
            }
          },
          {
            "start": {
              "line": 42,
              "column": 46
            },
            "end": {
              "line": 42,
              "column": 108
            }
          }
        ],
        "line": 42
      },
      "5": {
        "loc": {
          "start": {
            "line": 47,
            "column": 2
          },
          "end": {
            "line": 47,
            "column": 19
          }
        },
        "type": "if",
        "locations": [
          {
            "start": {
              "line": 47,
              "column": 2
            },
            "end": {
              "line": 47,
              "column": 19
            }
          },
          {
            "start": {},
            "end": {}
          }
        ],
        "line": 47
      },
      "6": {
        "loc": {
          "start": {
            "line": 49,
            "column": 2
          },
          "end": {
            "line": 53,
            "column": 3
          }
        },
        "type": "if",
        "locations": [
          {
            "start": {
              "line": 49,
              "column": 2
            },
            "end": {
              "line": 53,
              "column": 3
            }
          },
          {
            "start": {
              "line": 51,
              "column": 9
            },
            "end": {
              "line": 53,
              "column": 3
            }
          }
        ],
        "line": 49
      }
    },
    "s": {
      "0": 6,
      "1": 6,
      "2": 6,
      "3": 6,
      "4": 6,
      "5": 3,
      "6": 3,
      "7": 3,
      "8": 3,
      "9": 3,
      "10": 3,
      "11": 3,
      "12": 3,
      "13": 3,
      "14": 3,
      "15": 0,
      "16": 0,
      "17": 3,
      "18": 3,
      "19": 3,
      "20": 0,
      "21": 3,
      "22": 0,
      "23": 0,
      "24": 0,
      "25": 0,
      "26": 0,
      "27": 0
    },
    "f": {
      "0": 6,
      "1": 3,
      "2": 3,
      "3": 3,
      "4": 3,
      "5": 0,
      "6": 0,
      "7": 0,
      "8": 0
    },
    "b": {
      "0": [
        6,
        0
      ],
      "1": [
        6,
        6,
        6
      ],
      "2": [
        3,
        3
      ],
      "3": [
        3,
        3
      ],
      "4": [
        3,
        3
      ],
      "5": [
        0,
        0
      ],
      "6": [
        0,
        0
      ]
    },
    "inputSourceMap": {
      "version": 3,
      "mappings": ";;;;;;;;;;;;;;AAUA,SAAS,iBAAiB;AAC1B,OAAO,eAAe;;;;;AAEtB,UAAM,SAAS,UAAU;;;;;;;;EAZlB,OAAM;AAAA,EAA+B,oBAAiB;;;uBAA3D,oBAKM,OALN,YAKM;AAAA,IAJJ,aAGE;AAAA,MAFC,QAAI,sCAAE,cAAO,KAAI;AAAA,MACjB,gBAAa,sCAAE,cAAO,KAAI;AAAA,MAAwB,oBAAiB;AAAA",
      "names": [],
      "ignoreList": [],
      "sources": [
        "/Users/gael/Desktop/INSSET_COURS/ProjetThematique/web/src/views/LoginPage.vue"
      ],
      "file": "/Users/gael/Desktop/INSSET_COURS/ProjetThematique/web/src/views/LoginPage.vue"
    },
    "_coverageSchema": "1a1c01bbd47fc00a2c39e90264f33305004495a9",
    "hash": "939ddc4b929461548f47927716e4a389c641604e"
  }
}