{
  "/Users/gael/Desktop/INSSET_COURS/ProjetThematique/web/src/components/HeaderBlock.vue": {
    "path": "/Users/gael/Desktop/INSSET_COURS/ProjetThematique/web/src/components/HeaderBlock.vue",
    "statementMap": {
      "0": {
        "start": {
          "line": 4,
          "column": 2
        },
        "end": {
          "line": 8,
          "column": 3
        }
      },
      "1": {
        "start": {
          "line": 5,
          "column": 17
        },
        "end": {
          "line": 5,
          "column": 48
        }
      },
      "2": {
        "start": {
          "line": 6,
          "column": 4
        },
        "end": {
          "line": 6,
          "column": 42
        }
      },
      "3": {
        "start": {
          "line": 7,
          "column": 4
        },
        "end": {
          "line": 7,
          "column": 91
        }
      },
      "4": {
        "start": {
          "line": 9,
          "column": 2
        },
        "end": {
          "line": 9,
          "column": 14
        }
      },
      "5": {
        "start": {
          "line": 11,
          "column": 40
        },
        "end": {
          "line": 11,
          "column": 91
        }
      },
      "6": {
        "start": {
          "line": 12,
          "column": 40
        },
        "end": {
          "line": 12,
          "column": 91
        }
      },
      "7": {
        "start": {
          "line": 16,
          "column": 34
        },
        "end": {
          "line": 25,
          "column": 2
        }
      },
      "8": {
        "start": {
          "line": 19,
          "column": 4
        },
        "end": {
          "line": 19,
          "column": 15
        }
      },
      "9": {
        "start": {
          "line": 20,
          "column": 19
        },
        "end": {
          "line": 20,
          "column": 30
        }
      },
      "10": {
        "start": {
          "line": 21,
          "column": 25
        },
        "end": {
          "line": 21,
          "column": 35
        }
      },
      "11": {
        "start": {
          "line": 22,
          "column": 4
        },
        "end": {
          "line": 22,
          "column": 95
        }
      },
      "12": {
        "start": {
          "line": 23,
          "column": 4
        },
        "end": {
          "line": 23,
          "column": 24
        }
      },
      "13": {
        "start": {
          "line": 27,
          "column": 19
        },
        "end": {
          "line": 30,
          "column": 1
        }
      },
      "14": {
        "start": {
          "line": 31,
          "column": 19
        },
        "end": {
          "line": 34,
          "column": 1
        }
      },
      "15": {
        "start": {
          "line": 35,
          "column": 19
        },
        "end": {
          "line": 38,
          "column": 1
        }
      },
      "16": {
        "start": {
          "line": 40,
          "column": 2
        },
        "end": {
          "line": 67,
          "column": 5
        }
      },
      "17": {
        "start": {
          "line": 44,
          "column": 55
        },
        "end": {
          "line": 44,
          "column": 91
        }
      },
      "18": {
        "start": {
          "line": 52,
          "column": 57
        },
        "end": {
          "line": 52,
          "column": 97
        }
      },
      "19": {
        "start": {
          "line": 57,
          "column": 57
        },
        "end": {
          "line": 57,
          "column": 98
        }
      },
      "20": {
        "start": {
          "line": 62,
          "column": 57
        },
        "end": {
          "line": 62,
          "column": 104
        }
      },
      "21": {
        "start": {
          "line": 69,
          "column": 0
        },
        "end": {
          "line": 69,
          "column": 31
        }
      },
      "22": {
        "start": {
          "line": 70,
          "column": 0
        },
        "end": {
          "line": 70,
          "column": 109
        }
      },
      "23": {
        "start": {
          "line": 71,
          "column": 0
        },
        "end": {
          "line": 73,
          "column": 3
        }
      },
      "24": {
        "start": {
          "line": 72,
          "column": 2
        },
        "end": {
          "line": 72,
          "column": 42
        }
      },
      "25": {
        "start": {
          "line": 74,
          "column": 0
        },
        "end": {
          "line": 82,
          "column": 3
        }
      },
      "26": {
        "start": {
          "line": 75,
          "column": 2
        },
        "end": {
          "line": 75,
          "column": 19
        }
      },
      "27": {
        "start": {
          "line": 75,
          "column": 12
        },
        "end": {
          "line": 75,
          "column": 19
        }
      },
      "28": {
        "start": {
          "line": 76,
          "column": 47
        },
        "end": {
          "line": 76,
          "column": 50
        }
      },
      "29": {
        "start": {
          "line": 77,
          "column": 2
        },
        "end": {
          "line": 81,
          "column": 3
        }
      },
      "30": {
        "start": {
          "line": 78,
          "column": 4
        },
        "end": {
          "line": 78,
          "column": 66
        }
      },
      "31": {
        "start": {
          "line": 80,
          "column": 4
        },
        "end": {
          "line": 80,
          "column": 57
        }
      }
    },
    "fnMap": {
      "0": {
        "name": "_interopVNode",
        "decl": {
          "start": {
            "line": 3,
            "column": 9
          },
          "end": {
            "line": 3,
            "column": 22
          }
        },
        "loc": {
          "start": {
            "line": 3,
            "column": 30
          },
          "end": {
            "line": 10,
            "column": 1
          }
        },
        "line": 3
      },
      "1": {
        "name": "_createElementVNode",
        "decl": {
          "start": {
            "line": 11,
            "column": 9
          },
          "end": {
            "line": 11,
            "column": 28
          }
        },
        "loc": {
          "start": {
            "line": 11,
            "column": 38
          },
          "end": {
            "line": 11,
            "column": 93
          }
        },
        "line": 11
      },
      "2": {
        "name": "_createElementBlock",
        "decl": {
          "start": {
            "line": 12,
            "column": 9
          },
          "end": {
            "line": 12,
            "column": 28
          }
        },
        "loc": {
          "start": {
            "line": 12,
            "column": 38
          },
          "end": {
            "line": 12,
            "column": 93
          }
        },
        "line": 12
      },
      "3": {
        "name": "(anonymous_3)",
        "decl": {
          "start": {
            "line": 18,
            "column": 2
          },
          "end": {
            "line": 18,
            "column": 3
          }
        },
        "loc": {
          "start": {
            "line": 18,
            "column": 39
          },
          "end": {
            "line": 24,
            "column": 3
          }
        },
        "line": 18
      },
      "4": {
        "name": "_sfc_render",
        "decl": {
          "start": {
            "line": 39,
            "column": 9
          },
          "end": {
            "line": 39,
            "column": 20
          }
        },
        "loc": {
          "start": {
            "line": 39,
            "column": 68
          },
          "end": {
            "line": 68,
            "column": 1
          }
        },
        "line": 39
      },
      "5": {
        "name": "(anonymous_5)",
        "decl": {
          "start": {
            "line": 44,
            "column": 43
          },
          "end": {
            "line": 44,
            "column": 44
          }
        },
        "loc": {
          "start": {
            "line": 44,
            "column": 55
          },
          "end": {
            "line": 44,
            "column": 91
          }
        },
        "line": 44
      },
      "6": {
        "name": "(anonymous_6)",
        "decl": {
          "start": {
            "line": 52,
            "column": 45
          },
          "end": {
            "line": 52,
            "column": 46
          }
        },
        "loc": {
          "start": {
            "line": 52,
            "column": 57
          },
          "end": {
            "line": 52,
            "column": 97
          }
        },
        "line": 52
      },
      "7": {
        "name": "(anonymous_7)",
        "decl": {
          "start": {
            "line": 57,
            "column": 45
          },
          "end": {
            "line": 57,
            "column": 46
          }
        },
        "loc": {
          "start": {
            "line": 57,
            "column": 57
          },
          "end": {
            "line": 57,
            "column": 98
          }
        },
        "line": 57
      },
      "8": {
        "name": "(anonymous_8)",
        "decl": {
          "start": {
            "line": 62,
            "column": 45
          },
          "end": {
            "line": 62,
            "column": 46
          }
        },
        "loc": {
          "start": {
            "line": 62,
            "column": 57
          },
          "end": {
            "line": 62,
            "column": 104
          }
        },
        "line": 62
      },
      "9": {
        "name": "(anonymous_9)",
        "decl": {
          "start": {
            "line": 71,
            "column": 35
          },
          "end": {
            "line": 71,
            "column": 36
          }
        },
        "loc": {
          "start": {
            "line": 71,
            "column": 49
          },
          "end": {
            "line": 73,
            "column": 1
          }
        },
        "line": 71
      },
      "10": {
        "name": "(anonymous_10)",
        "decl": {
          "start": {
            "line": 74,
            "column": 23
          },
          "end": {
            "line": 74,
            "column": 24
          }
        },
        "loc": {
          "start": {
            "line": 74,
            "column": 32
          },
          "end": {
            "line": 82,
            "column": 1
          }
        },
        "line": 74
      }
    },
    "branchMap": {
      "0": {
        "loc": {
          "start": {
            "line": 4,
            "column": 2
          },
          "end": {
            "line": 8,
            "column": 3
          }
        },
        "type": "if",
        "locations": [
          {
            "start": {
              "line": 4,
              "column": 2
            },
            "end": {
              "line": 8,
              "column": 3
            }
          },
          {
            "start": {},
            "end": {}
          }
        ],
        "line": 4
      },
      "1": {
        "loc": {
          "start": {
            "line": 4,
            "column": 6
          },
          "end": {
            "line": 4,
            "column": 63
          }
        },
        "type": "binary-expr",
        "locations": [
          {
            "start": {
              "line": 4,
              "column": 6
            },
            "end": {
              "line": 4,
              "column": 11
            }
          },
          {
            "start": {
              "line": 4,
              "column": 15
            },
            "end": {
              "line": 4,
              "column": 26
            }
          },
          {
            "start": {
              "line": 4,
              "column": 30
            },
            "end": {
              "line": 4,
              "column": 63
            }
          }
        ],
        "line": 4
      },
      "2": {
        "loc": {
          "start": {
            "line": 44,
            "column": 17
          },
          "end": {
            "line": 44,
            "column": 92
          }
        },
        "type": "binary-expr",
        "locations": [
          {
            "start": {
              "line": 44,
              "column": 17
            },
            "end": {
              "line": 44,
              "column": 26
            }
          },
          {
            "start": {
              "line": 44,
              "column": 31
            },
            "end": {
              "line": 44,
              "column": 91
            }
          }
        ],
        "line": 44
      },
      "3": {
        "loc": {
          "start": {
            "line": 46,
            "column": 13
          },
          "end": {
            "line": 48,
            "column": 8
          }
        },
        "type": "binary-expr",
        "locations": [
          {
            "start": {
              "line": 46,
              "column": 13
            },
            "end": {
              "line": 46,
              "column": 22
            }
          },
          {
            "start": {
              "line": 46,
              "column": 27
            },
            "end": {
              "line": 48,
              "column": 7
            }
          }
        ],
        "line": 46
      },
      "4": {
        "loc": {
          "start": {
            "line": 52,
            "column": 19
          },
          "end": {
            "line": 52,
            "column": 98
          }
        },
        "type": "binary-expr",
        "locations": [
          {
            "start": {
              "line": 52,
              "column": 19
            },
            "end": {
              "line": 52,
              "column": 28
            }
          },
          {
            "start": {
              "line": 52,
              "column": 33
            },
            "end": {
              "line": 52,
              "column": 97
            }
          }
        ],
        "line": 52
      },
      "5": {
        "loc": {
          "start": {
            "line": 57,
            "column": 19
          },
          "end": {
            "line": 57,
            "column": 99
          }
        },
        "type": "binary-expr",
        "locations": [
          {
            "start": {
              "line": 57,
              "column": 19
            },
            "end": {
              "line": 57,
              "column": 28
            }
          },
          {
            "start": {
              "line": 57,
              "column": 33
            },
            "end": {
              "line": 57,
              "column": 98
            }
          }
        ],
        "line": 57
      },
      "6": {
        "loc": {
          "start": {
            "line": 62,
            "column": 19
          },
          "end": {
            "line": 62,
            "column": 105
          }
        },
        "type": "binary-expr",
        "locations": [
          {
            "start": {
              "line": 62,
              "column": 19
            },
            "end": {
              "line": 62,
              "column": 28
            }
          },
          {
            "start": {
              "line": 62,
              "column": 33
            },
            "end": {
              "line": 62,
              "column": 104
            }
          }
        ],
        "line": 62
      },
      "7": {
        "loc": {
          "start": {
            "line": 70,
            "column": 0
          },
          "end": {
            "line": 70,
            "column": 108
          }
        },
        "type": "binary-expr",
        "locations": [
          {
            "start": {
              "line": 70,
              "column": 0
            },
            "end": {
              "line": 70,
              "column": 42
            }
          },
          {
            "start": {
              "line": 70,
              "column": 46
            },
            "end": {
              "line": 70,
              "column": 108
            }
          }
        ],
        "line": 70
      },
      "8": {
        "loc": {
          "start": {
            "line": 75,
            "column": 2
          },
          "end": {
            "line": 75,
            "column": 19
          }
        },
        "type": "if",
        "locations": [
          {
            "start": {
              "line": 75,
              "column": 2
            },
            "end": {
              "line": 75,
              "column": 19
            }
          },
          {
            "start": {},
            "end": {}
          }
        ],
        "line": 75
      },
      "9": {
        "loc": {
          "start": {
            "line": 77,
            "column": 2
          },
          "end": {
            "line": 81,
            "column": 3
          }
        },
        "type": "if",
        "locations": [
          {
            "start": {
              "line": 77,
              "column": 2
            },
            "end": {
              "line": 81,
              "column": 3
            }
          },
          {
            "start": {
              "line": 79,
              "column": 9
            },
            "end": {
              "line": 81,
              "column": 3
            }
          }
        ],
        "line": 77
      }
    },
    "s": {
      "0": 21,
      "1": 21,
      "2": 21,
      "3": 21,
      "4": 21,
      "5": 18,
      "6": 3,
      "7": 3,
      "8": 3,
      "9": 3,
      "10": 3,
      "11": 3,
      "12": 3,
      "13": 3,
      "14": 3,
      "15": 3,
      "16": 3,
      "17": 0,
      "18": 0,
      "19": 0,
      "20": 0,
      "21": 3,
      "22": 3,
      "23": 3,
      "24": 0,
      "25": 3,
      "26": 0,
      "27": 0,
      "28": 0,
      "29": 0,
      "30": 0,
      "31": 0
    },
    "f": {
      "0": 21,
      "1": 18,
      "2": 3,
      "3": 3,
      "4": 3,
      "5": 0,
      "6": 0,
      "7": 0,
      "8": 0,
      "9": 0,
      "10": 0
    },
    "b": {
      "0": [
        21,
        0
      ],
      "1": [
        21,
        21,
        21
      ],
      "2": [
        3,
        3
      ],
      "3": [
        3,
        3
      ],
      "4": [
        3,
        3
      ],
      "5": [
        3,
        3
      ],
      "6": [
        3,
        3
      ],
      "7": [
        3,
        3
      ],
      "8": [
        0,
        0
      ],
      "9": [
        0,
        0
      ]
    },
    "inputSourceMap": {
      "version": 3,
      "mappings": ";;;;;;;;;;;;;;AA6CA,SAAS,iBAAiB;;;;;AAE1B,UAAM,SAAS,UAAU;;;;;;;;EA7CrB,OAAM;AAAA,EAAmG,oBAAiB;;;EAErH,OAAM;AAAA,EAAuE,oBAAiB;;;EAgB5F,OAAM;AAAA,EAAuB,oBAAiB;;;uBAnBvD,oBAwCS,UAxCT,YAwCS;AAAA,IArCP,oBAoCM,OApCN,YAoCM;AAAA,MAnCJ,oBAcS;AAAA,QAbP,OAAM;AAAA,QACL,SAAK,sCAAE,cAAO,KAAI;AAAA,QAAoB,oBAAiB;AAAA;;;MAa1D,oBAmBM,OAnBN,YAmBM;AAAA,QAlBJ,oBAKS;AAAA,UAJP,OAAM;AAAA,UACL,SAAK,sCAAE,cAAO,KAAI;AAAA,UAAwB,oBAAiB;AAAA,WAC7D,QAED;AAAA,QACA,oBAKS;AAAA,UAJP,OAAM;AAAA,UACL,SAAK,sCAAE,cAAO,KAAI;AAAA,UAAyB,oBAAiB;AAAA,WAC9D,UAED;AAAA,QACA,oBAKS;AAAA,UAJP,OAAM;AAAA,UACL,SAAK,sCAAE,cAAO,KAAI;AAAA,UAA+B,oBAAiB;AAAA,WACpE,cAED;AAAA",
      "names": [],
      "ignoreList": [],
      "sources": [
        "/Users/gael/Desktop/INSSET_COURS/ProjetThematique/web/src/components/HeaderBlock.vue"
      ],
      "file": "/Users/gael/Desktop/INSSET_COURS/ProjetThematique/web/src/components/HeaderBlock.vue"
    },
    "_coverageSchema": "1a1c01bbd47fc00a2c39e90264f33305004495a9",
    "hash": "a89798254c62267922e66a16d5e57b35390ec348"
  },
  "/Users/gael/Desktop/INSSET_COURS/ProjetThematique/web/src/services/axiosOverlay.js": {
    "path": "/Users/gael/Desktop/INSSET_COURS/ProjetThematique/web/src/services/axiosOverlay.js",
    "statementMap": {
      "0": {
        "start": {
          "line": 3,
          "column": 29
        },
        "end": {
          "line": 32,
          "column": 1
        }
      },
      "1": {
        "start": {
          "line": 9,
          "column": 6
        },
        "end": {
          "line": 9,
          "column": 29
        }
      },
      "2": {
        "start": {
          "line": 13,
          "column": 6
        },
        "end": {
          "line": 13,
          "column": 36
        }
      },
      "3": {
        "start": {
          "line": 17,
          "column": 6
        },
        "end": {
          "line": 17,
          "column": 27
        }
      },
      "4": {
        "start": {
          "line": 21,
          "column": 6
        },
        "end": {
          "line": 21,
          "column": 69
        }
      },
      "5": {
        "start": {
          "line": 22,
          "column": 6
        },
        "end": {
          "line": 22,
          "column": 21
        }
      },
      "6": {
        "start": {
          "line": 27,
          "column": 8
        },
        "end": {
          "line": 27,
          "column": 30
        }
      },
      "7": {
        "start": {
          "line": 28,
          "column": 8
        },
        "end": {
          "line": 28,
          "column": 21
        }
      },
      "8": {
        "start": {
          "line": 36,
          "column": 2
        },
        "end": {
          "line": 36,
          "column": 63
        }
      },
      "9": {
        "start": {
          "line": 37,
          "column": 2
        },
        "end": {
          "line": 37,
          "column": 93
        }
      },
      "10": {
        "start": {
          "line": 38,
          "column": 2
        },
        "end": {
          "line": 41,
          "column": 3
        }
      },
      "11": {
        "start": {
          "line": 42,
          "column": 2
        },
        "end": {
          "line": 45,
          "column": 3
        }
      },
      "12": {
        "start": {
          "line": 47,
          "column": 14
        },
        "end": {
          "line": 47,
          "column": 48
        }
      },
      "13": {
        "start": {
          "line": 49,
          "column": 17
        },
        "end": {
          "line": 49,
          "column": 31
        }
      },
      "14": {
        "start": {
          "line": 51,
          "column": 2
        },
        "end": {
          "line": 53,
          "column": 3
        }
      },
      "15": {
        "start": {
          "line": 52,
          "column": 4
        },
        "end": {
          "line": 52,
          "column": 73
        }
      },
      "16": {
        "start": {
          "line": 55,
          "column": 2
        },
        "end": {
          "line": 55,
          "column": 57
        }
      },
      "17": {
        "start": {
          "line": 57,
          "column": 2
        },
        "end": {
          "line": 61,
          "column": 3
        }
      },
      "18": {
        "start": {
          "line": 58,
          "column": 4
        },
        "end": {
          "line": 60,
          "column": 5
        }
      },
      "19": {
        "start": {
          "line": 59,
          "column": 6
        },
        "end": {
          "line": 59,
          "column": 51
        }
      },
      "20": {
        "start": {
          "line": 63,
          "column": 2
        },
        "end": {
          "line": 109,
          "column": 4
        }
      },
      "21": {
        "start": {
          "line": 64,
          "column": 4
        },
        "end": {
          "line": 108,
          "column": 8
        }
      },
      "22": {
        "start": {
          "line": 66,
          "column": 8
        },
        "end": {
          "line": 66,
          "column": 25
        }
      },
      "23": {
        "start": {
          "line": 69,
          "column": 8
        },
        "end": {
          "line": 71,
          "column": 9
        }
      },
      "24": {
        "start": {
          "line": 70,
          "column": 10
        },
        "end": {
          "line": 70,
          "column": 69
        }
      },
      "25": {
        "start": {
          "line": 73,
          "column": 8
        },
        "end": {
          "line": 76,
          "column": 9
        }
      },
      "26": {
        "start": {
          "line": 74,
          "column": 10
        },
        "end": {
          "line": 74,
          "column": 37
        }
      },
      "27": {
        "start": {
          "line": 75,
          "column": 10
        },
        "end": {
          "line": 75,
          "column": 59
        }
      },
      "28": {
        "start": {
          "line": 78,
          "column": 8
        },
        "end": {
          "line": 83,
          "column": 9
        }
      },
      "29": {
        "start": {
          "line": 79,
          "column": 10
        },
        "end": {
          "line": 80,
          "column": 44
        }
      },
      "30": {
        "start": {
          "line": 80,
          "column": 12
        },
        "end": {
          "line": 80,
          "column": 44
        }
      },
      "31": {
        "start": {
          "line": 82,
          "column": 10
        },
        "end": {
          "line": 82,
          "column": 84
        }
      },
      "32": {
        "start": {
          "line": 82,
          "column": 71
        },
        "end": {
          "line": 82,
          "column": 84
        }
      },
      "33": {
        "start": {
          "line": 85,
          "column": 8
        },
        "end": {
          "line": 90,
          "column": 9
        }
      },
      "34": {
        "start": {
          "line": 86,
          "column": 10
        },
        "end": {
          "line": 87,
          "column": 44
        }
      },
      "35": {
        "start": {
          "line": 87,
          "column": 12
        },
        "end": {
          "line": 87,
          "column": 44
        }
      },
      "36": {
        "start": {
          "line": 89,
          "column": 10
        },
        "end": {
          "line": 89,
          "column": 84
        }
      },
      "37": {
        "start": {
          "line": 89,
          "column": 71
        },
        "end": {
          "line": 89,
          "column": 84
        }
      },
      "38": {
        "start": {
          "line": 92,
          "column": 8
        },
        "end": {
          "line": 107,
          "column": 12
        }
      },
      "39": {
        "start": {
          "line": 93,
          "column": 10
        },
        "end": {
          "line": 99,
          "column": 12
        }
      },
      "40": {
        "start": {
          "line": 101,
          "column": 10
        },
        "end": {
          "line": 107,
          "column": 12
        }
      }
    },
    "fnMap": {
      "0": {
        "name": "(anonymous_0)",
        "decl": {
          "start": {
            "line": 8,
            "column": 14
          },
          "end": {
            "line": 8,
            "column": 15
          }
        },
        "loc": {
          "start": {
            "line": 8,
            "column": 20
          },
          "end": {
            "line": 11,
            "column": 5
          }
        },
        "line": 8
      },
      "1": {
        "name": "(anonymous_1)",
        "decl": {
          "start": {
            "line": 12,
            "column": 14
          },
          "end": {
            "line": 12,
            "column": 15
          }
        },
        "loc": {
          "start": {
            "line": 12,
            "column": 25
          },
          "end": {
            "line": 15,
            "column": 5
          }
        },
        "line": 12
      },
      "2": {
        "name": "(anonymous_2)",
        "decl": {
          "start": {
            "line": 16,
            "column": 12
          },
          "end": {
            "line": 16,
            "column": 13
          }
        },
        "loc": {
          "start": {
            "line": 16,
            "column": 18
          },
          "end": {
            "line": 19,
            "column": 5
          }
        },
        "line": 16
      },
      "3": {
        "name": "(anonymous_3)",
        "decl": {
          "start": {
            "line": 20,
            "column": 16
          },
          "end": {
            "line": 20,
            "column": 17
          }
        },
        "loc": {
          "start": {
            "line": 20,
            "column": 30
          },
          "end": {
            "line": 23,
            "column": 5
          }
        },
        "line": 20
      },
      "4": {
        "name": "(anonymous_4)",
        "decl": {
          "start": {
            "line": 26,
            "column": 15
          },
          "end": {
            "line": 26,
            "column": 16
          }
        },
        "loc": {
          "start": {
            "line": 26,
            "column": 38
          },
          "end": {
            "line": 29,
            "column": 7
          }
        },
        "line": 26
      },
      "5": {
        "name": "axiosOverlay",
        "decl": {
          "start": {
            "line": 34,
            "column": 24
          },
          "end": {
            "line": 34,
            "column": 36
          }
        },
        "loc": {
          "start": {
            "line": 34,
            "column": 88
          },
          "end": {
            "line": 110,
            "column": 1
          }
        },
        "line": 34
      },
      "6": {
        "name": "(anonymous_6)",
        "decl": {
          "start": {
            "line": 63,
            "column": 21
          },
          "end": {
            "line": 63,
            "column": 22
          }
        },
        "loc": {
          "start": {
            "line": 63,
            "column": 42
          },
          "end": {
            "line": 109,
            "column": 3
          }
        },
        "line": 63
      },
      "7": {
        "name": "(anonymous_7)",
        "decl": {
          "start": {
            "line": 65,
            "column": 12
          },
          "end": {
            "line": 65,
            "column": 13
          }
        },
        "loc": {
          "start": {
            "line": 65,
            "column": 26
          },
          "end": {
            "line": 67,
            "column": 7
          }
        },
        "line": 65
      },
      "8": {
        "name": "(anonymous_8)",
        "decl": {
          "start": {
            "line": 68,
            "column": 13
          },
          "end": {
            "line": 68,
            "column": 14
          }
        },
        "loc": {
          "start": {
            "line": 68,
            "column": 30
          },
          "end": {
            "line": 108,
            "column": 7
          }
        },
        "line": 68
      }
    },
    "branchMap": {
      "0": {
        "loc": {
          "start": {
            "line": 34,
            "column": 50
          },
          "end": {
            "line": 34,
            "column": 86
          }
        },
        "type": "default-arg",
        "locations": [
          {
            "start": {
              "line": 34,
              "column": 66
            },
            "end": {
              "line": 34,
              "column": 86
            }
          }
        ],
        "line": 34
      },
      "1": {
        "loc": {
          "start": {
            "line": 51,
            "column": 2
          },
          "end": {
            "line": 53,
            "column": 3
          }
        },
        "type": "if",
        "locations": [
          {
            "start": {
              "line": 51,
              "column": 2
            },
            "end": {
              "line": 53,
              "column": 3
            }
          },
          {
            "start": {},
            "end": {}
          }
        ],
        "line": 51
      },
      "2": {
        "loc": {
          "start": {
            "line": 57,
            "column": 2
          },
          "end": {
            "line": 61,
            "column": 3
          }
        },
        "type": "if",
        "locations": [
          {
            "start": {
              "line": 57,
              "column": 2
            },
            "end": {
              "line": 61,
              "column": 3
            }
          },
          {
            "start": {},
            "end": {}
          }
        ],
        "line": 57
      },
      "3": {
        "loc": {
          "start": {
            "line": 69,
            "column": 8
          },
          "end": {
            "line": 71,
            "column": 9
          }
        },
        "type": "if",
        "locations": [
          {
            "start": {
              "line": 69,
              "column": 8
            },
            "end": {
              "line": 71,
              "column": 9
            }
          },
          {
            "start": {},
            "end": {}
          }
        ],
        "line": 69
      },
      "4": {
        "loc": {
          "start": {
            "line": 69,
            "column": 12
          },
          "end": {
            "line": 69,
            "column": 82
          }
        },
        "type": "binary-expr",
        "locations": [
          {
            "start": {
              "line": 69,
              "column": 12
            },
            "end": {
              "line": 69,
              "column": 26
            }
          },
          {
            "start": {
              "line": 69,
              "column": 30
            },
            "end": {
              "line": 69,
              "column": 59
            }
          },
          {
            "start": {
              "line": 69,
              "column": 63
            },
            "end": {
              "line": 69,
              "column": 82
            }
          }
        ],
        "line": 69
      },
      "5": {
        "loc": {
          "start": {
            "line": 73,
            "column": 8
          },
          "end": {
            "line": 76,
            "column": 9
          }
        },
        "type": "if",
        "locations": [
          {
            "start": {
              "line": 73,
              "column": 8
            },
            "end": {
              "line": 76,
              "column": 9
            }
          },
          {
            "start": {},
            "end": {}
          }
        ],
        "line": 73
      },
      "6": {
        "loc": {
          "start": {
            "line": 78,
            "column": 8
          },
          "end": {
            "line": 83,
            "column": 9
          }
        },
        "type": "if",
        "locations": [
          {
            "start": {
              "line": 78,
              "column": 8
            },
            "end": {
              "line": 83,
              "column": 9
            }
          },
          {
            "start": {},
            "end": {}
          }
        ],
        "line": 78
      },
      "7": {
        "loc": {
          "start": {
            "line": 78,
            "column": 12
          },
          "end": {
            "line": 78,
            "column": 96
          }
        },
        "type": "binary-expr",
        "locations": [
          {
            "start": {
              "line": 78,
              "column": 12
            },
            "end": {
              "line": 78,
              "column": 26
            }
          },
          {
            "start": {
              "line": 78,
              "column": 30
            },
            "end": {
              "line": 78,
              "column": 59
            }
          },
          {
            "start": {
              "line": 78,
              "column": 63
            },
            "end": {
              "line": 78,
              "column": 96
            }
          }
        ],
        "line": 78
      },
      "8": {
        "loc": {
          "start": {
            "line": 79,
            "column": 10
          },
          "end": {
            "line": 80,
            "column": 44
          }
        },
        "type": "if",
        "locations": [
          {
            "start": {
              "line": 79,
              "column": 10
            },
            "end": {
              "line": 80,
              "column": 44
            }
          },
          {
            "start": {},
            "end": {}
          }
        ],
        "line": 79
      },
      "9": {
        "loc": {
          "start": {
            "line": 82,
            "column": 10
          },
          "end": {
            "line": 82,
            "column": 84
          }
        },
        "type": "if",
        "locations": [
          {
            "start": {
              "line": 82,
              "column": 10
            },
            "end": {
              "line": 82,
              "column": 84
            }
          },
          {
            "start": {},
            "end": {}
          }
        ],
        "line": 82
      },
      "10": {
        "loc": {
          "start": {
            "line": 85,
            "column": 8
          },
          "end": {
            "line": 90,
            "column": 9
          }
        },
        "type": "if",
        "locations": [
          {
            "start": {
              "line": 85,
              "column": 8
            },
            "end": {
              "line": 90,
              "column": 9
            }
          },
          {
            "start": {},
            "end": {}
          }
        ],
        "line": 85
      },
      "11": {
        "loc": {
          "start": {
            "line": 85,
            "column": 12
          },
          "end": {
            "line": 85,
            "column": 96
          }
        },
        "type": "binary-expr",
        "locations": [
          {
            "start": {
              "line": 85,
              "column": 12
            },
            "end": {
              "line": 85,
              "column": 26
            }
          },
          {
            "start": {
              "line": 85,
              "column": 30
            },
            "end": {
              "line": 85,
              "column": 59
            }
          },
          {
            "start": {
              "line": 85,
              "column": 63
            },
            "end": {
              "line": 85,
              "column": 96
            }
          }
        ],
        "line": 85
      },
      "12": {
        "loc": {
          "start": {
            "line": 86,
            "column": 10
          },
          "end": {
            "line": 87,
            "column": 44
          }
        },
        "type": "if",
        "locations": [
          {
            "start": {
              "line": 86,
              "column": 10
            },
            "end": {
              "line": 87,
              "column": 44
            }
          },
          {
            "start": {},
            "end": {}
          }
        ],
        "line": 86
      },
      "13": {
        "loc": {
          "start": {
            "line": 89,
            "column": 10
          },
          "end": {
            "line": 89,
            "column": 84
          }
        },
        "type": "if",
        "locations": [
          {
            "start": {
              "line": 89,
              "column": 10
            },
            "end": {
              "line": 89,
              "column": 84
            }
          },
          {
            "start": {},
            "end": {}
          }
        ],
        "line": 89
      },
      "14": {
        "loc": {
          "start": {
            "line": 92,
            "column": 8
          },
          "end": {
            "line": 107,
            "column": 12
          }
        },
        "type": "if",
        "locations": [
          {
            "start": {
              "line": 92,
              "column": 8
            },
            "end": {
              "line": 107,
              "column": 12
            }
          },
          {
            "start": {
              "line": 101,
              "column": 10
            },
            "end": {
              "line": 107,
              "column": 12
            }
          }
        ],
        "line": 92
      },
      "15": {
        "loc": {
          "start": {
            "line": 92,
            "column": 12
          },
          "end": {
            "line": 92,
            "column": 99
          }
        },
        "type": "binary-expr",
        "locations": [
          {
            "start": {
              "line": 92,
              "column": 12
            },
            "end": {
              "line": 92,
              "column": 34
            }
          },
          {
            "start": {
              "line": 92,
              "column": 38
            },
            "end": {
              "line": 92,
              "column": 99
            }
          }
        ],
        "line": 92
      }
    },
    "s": {
      "0": 3,
      "1": 0,
      "2": 0,
      "3": 0,
      "4": 13,
      "5": 13,
      "6": 0,
      "7": 0,
      "8": 13,
      "9": 13,
      "10": 13,
      "11": 13,
      "12": 13,
      "13": 13,
      "14": 13,
      "15": 13,
      "16": 13,
      "17": 13,
      "18": 0,
      "19": 0,
      "20": 13,
      "21": 13,
      "22": 13,
      "23": 0,
      "24": 0,
      "25": 0,
      "26": 0,
      "27": 0,
      "28": 0,
      "29": 0,
      "30": 0,
      "31": 0,
      "32": 0,
      "33": 0,
      "34": 0,
      "35": 0,
      "36": 0,
      "37": 0,
      "38": 0,
      "39": 0,
      "40": 0
    },
    "f": {
      "0": 0,
      "1": 0,
      "2": 0,
      "3": 13,
      "4": 0,
      "5": 13,
      "6": 13,
      "7": 13,
      "8": 0
    },
    "b": {
      "0": [
        0
      ],
      "1": [
        13,
        0
      ],
      "2": [
        0,
        13
      ],
      "3": [
        0,
        0
      ],
      "4": [
        0,
        0,
        0
      ],
      "5": [
        0,
        0
      ],
      "6": [
        0,
        0
      ],
      "7": [
        0,
        0,
        0
      ],
      "8": [
        0,
        0
      ],
      "9": [
        0,
        0
      ],
      "10": [
        0,
        0
      ],
      "11": [
        0,
        0,
        0
      ],
      "12": [
        0,
        0
      ],
      "13": [
        0,
        0
      ],
      "14": [
        0,
        0
      ],
      "15": [
        0,
        0
      ]
    },
    "inputSourceMap": {
      "version": 3,
      "sources": [
        "/Users/gael/Desktop/INSSET_COURS/ProjetThematique/web/src/services/axiosOverlay.js"
      ],
      "names": [],
      "mappings": "AAAA,MAAM,CAAC,KAAK,CAAC,IAAI,CAAC,CAAC,KAAK;;AAExB,KAAK,CAAC,oBAAoB,CAAC,CAAC,CAAC;AAC7B,CAAC,CAAC,mBAAmB,CAAC,CAAC,IAAI;AAC3B,CAAC,CAAC,KAAK,CAAC,CAAC,IAAI;AACb,CAAC,CAAC,aAAa,CAAC,CAAC,IAAI;AACrB,CAAC,CAAC,SAAS,CAAC,CAAC;AACb,CAAC,CAAC,CAAC,CAAC,QAAQ,CAAC,CAAC,CAAC,CAAC,CAAC,CAAC,CAAC,CAAC;AACpB,CAAC,CAAC,CAAC,CAAC,CAAC,CAAC,OAAO,CAAC,GAAG,CAAC,CAAC,QAAQ,CAAC;AAC5B,CAAC,CAAC,CAAC,CAAC,CAAC,CAAC,CAAC,CAAC,CAAC,MAAM,CAAC,MAAM,CAAC,YAAY,CAAC,OAAO,CAAC,CAAC,KAAK,CAAC;AACnD,CAAC,CAAC,CAAC,CAAC,CAAC;AACL,CAAC,CAAC,CAAC,CAAC,QAAQ,CAAC,CAAC,CAAC,KAAK,CAAC,CAAC,CAAC,CAAC,CAAC;AACzB,CAAC,CAAC,CAAC,CAAC,CAAC,CAAC,OAAO,CAAC,GAAG,CAAC,CAAC,QAAQ,CAAC,CAAC,CAAC,KAAK;AACnC,CAAC,CAAC,CAAC,CAAC,CAAC,CAAC,CAAC,CAAC,CAAC,MAAM,CAAC,YAAY,CAAC,OAAO,CAAC,CAAC,KAAK,CAAC,CAAC,CAAC,KAAK;AACnD,CAAC,CAAC,CAAC,CAAC,CAAC;AACL,CAAC,CAAC,CAAC,CAAC,MAAM,CAAC,CAAC,CAAC,CAAC,CAAC,CAAC,CAAC,CAAC;AAClB,CAAC,CAAC,CAAC,CAAC,CAAC,CAAC,OAAO,CAAC,GAAG,CAAC,CAAC,MAAM,CAAC;AAC1B,CAAC,CAAC,CAAC,CAAC,CAAC,CAAC,CAAC,CAAC,CAAC,MAAM,CAAC,YAAY,CAAC,OAAO,CAAC,CAAC,KAAK,CAAC,CAAC,CAAC,IAAI;AAClD,CAAC,CAAC,CAAC,CAAC,CAAC;AACL,CAAC,CAAC,CAAC,CAAC,UAAU,CAAC,CAAC,CAAC,QAAQ,CAAC,CAAC,CAAC,CAAC,CAAC;AAC9B,CAAC,CAAC,CAAC,CAAC,CAAC,CAAC,QAAQ,CAAC,QAAQ,CAAC,OAAO,CAAC,MAAM,CAAC,CAAC,MAAM,CAAC,CAAC,CAAC,CAAC,CAAC,CAAC,WAAW,CAAC,IAAI;AACpE,CAAC,CAAC,CAAC,CAAC,CAAC,CAAC,MAAM,CAAC;AACb,CAAC,CAAC,CAAC,CAAC,CAAC;AACL,CAAC,CAAC,CAAC,CAAC,YAAY,CAAC,CAAC,CAAC,CAAC;AACpB,CAAC,CAAC,CAAC,CAAC,cAAc,CAAC,CAAC;AACpB,CAAC,CAAC,CAAC,CAAC,CAAC,CAAC,OAAO,CAAC,CAAC,CAAC,CAAC,CAAC,KAAK,CAAC,CAAC,MAAM,CAAC,CAAC,CAAC,CAAC,CAAC,CAAC,CAAC;AACtC,CAAC,CAAC,CAAC,CAAC,CAAC,CAAC,CAAC,CAAC,OAAO,CAAC,GAAG,CAAC,CAAC,OAAO,CAAC;AAC7B,CAAC,CAAC,CAAC,CAAC,CAAC,CAAC,CAAC,CAAC,MAAM,CAAC,KAAK;AACpB,CAAC,CAAC,CAAC,CAAC,CAAC,CAAC,CAAC;AACP,CAAC,CAAC,CAAC,CAAC,CAAC;AACL,CAAC,CAAC,CAAC;AACH;;AAEA,MAAM,CAAC,OAAO,CAAC,QAAQ,CAAC,YAAY,CAAC,WAAW,CAAC,CAAC,aAAa,CAAC,CAAC,CAAC,oBAAoB,CAAC,CAAC;AACxF,CAAC,CAAC,CAAC,CAAC,CAAC,EAAE,CAAC,MAAM,CAAC,OAAO,CAAC,EAAE,CAAC,aAAa,CAAC,IAAI,CAAC,GAAG,CAAC,OAAO,CAAC;AACzD,CAAC,CAAC,aAAa,CAAC,CAAC,CAAC,CAAC,CAAC,CAAC,CAAC,CAAC,oBAAoB,CAAC,CAAC,CAAC,CAAC,CAAC,aAAa,CAAC;AAC9D,CAAC,CAAC,aAAa,CAAC,SAAS,CAAC,CAAC,CAAC,CAAC,CAAC,CAAC,CAAC,CAAC,oBAAoB,CAAC,SAAS,CAAC,CAAC,CAAC,CAAC,CAAC,aAAa,CAAC,SAAS,CAAC;AAC5F,CAAC,CAAC,aAAa,CAAC,SAAS,CAAC,YAAY,CAAC,CAAC,CAAC;AACzC,CAAC,CAAC,CAAC,CAAC,CAAC,CAAC,CAAC,oBAAoB,CAAC,SAAS,CAAC,YAAY;AAClD,CAAC,CAAC,CAAC,CAAC,CAAC,CAAC,CAAC,aAAa,CAAC,SAAS,CAAC,YAAY;AAC3C,CAAC,CAAC;AACF,CAAC,CAAC,aAAa,CAAC,SAAS,CAAC,cAAc,CAAC,CAAC,CAAC;AAC3C,CAAC,CAAC,CAAC,CAAC,CAAC,CAAC,CAAC,oBAAoB,CAAC,SAAS,CAAC,cAAc;AACpD,CAAC,CAAC,CAAC,CAAC,CAAC,CAAC,CAAC,aAAa,CAAC,SAAS,CAAC,cAAc;AAC7C,CAAC,CAAC;;AAEF,CAAC,CAAC,GAAG,CAAC,KAAK,CAAC,CAAC,CAAC,aAAa,CAAC,SAAS,CAAC,QAAQ,CAAC;;AAE/C,CAAC,CAAC,GAAG,CAAC,QAAQ,CAAC,CAAC,CAAC,KAAK,CAAC,MAAM,CAAC;;AAE9B,CAAC,CAAC,EAAE,CAAC,CAAC,aAAa,CAAC,mBAAmB,CAAC,CAAC;AACzC,CAAC,CAAC,CAAC,CAAC,QAAQ,CAAC,QAAQ,CAAC,OAAO,CAAC,MAAM,CAAC,CAAC,aAAa,CAAC,CAAC,CAAC,CAAC,CAAC,CAAC,MAAM,CAAC,CAAC,CAAC,CAAC,CAAC;AACpE,CAAC,CAAC;;AAEF,CAAC,CAAC,QAAQ,CAAC,CAAC,CAAC,aAAa,CAAC,SAAS,CAAC,UAAU,CAAC,QAAQ;;AAExD,CAAC,CAAC,EAAE,CAAC,CAAC,aAAa,CAAC,WAAW,CAAC,CAAC;AACjC,CAAC,CAAC,CAAC,CAAC,GAAG,CAAC,CAAC,KAAK,CAAC,CAAC,GAAG,CAAC,CAAC,KAAK,CAAC,CAAC,EAAE,CAAC,MAAM,CAAC,OAAO,CAAC,aAAa,CAAC,WAAW,CAAC,CAAC,CAAC;AAC1E,CAAC,CAAC,CAAC,CAAC,CAAC,CAAC,QAAQ,CAAC,QAAQ,CAAC,OAAO,CAAC,MAAM,CAAC,GAAG,CAAC,CAAC,CAAC,CAAC;AAC9C,CAAC,CAAC,CAAC,CAAC;AACJ,CAAC,CAAC;;AAEF,CAAC,CAAC,MAAM,CAAC,GAAG,CAAC,OAAO,CAAC,CAAC,OAAO,CAAC,CAAC,MAAM,CAAC,CAAC,CAAC,CAAC,CAAC;AAC1C,CAAC,CAAC,CAAC,CAAC,QAAQ,CAAC,WAAW;AACxB,CAAC,CAAC,CAAC,CAAC,CAAC,CAAC,CAAC,IAAI,CAAC,CAAC,QAAQ,CAAC,CAAC,CAAC,CAAC,CAAC;AAC1B,CAAC,CAAC,CAAC,CAAC,CAAC,CAAC,CAAC,CAAC,OAAO,CAAC,QAAQ;AACxB,CAAC,CAAC,CAAC,CAAC,CAAC,CAAC,CAAC;AACP,CAAC,CAAC,CAAC,CAAC,CAAC,CAAC,CAAC,KAAK,CAAC,KAAK,CAAC,CAAC,KAAK,CAAC,CAAC,CAAC,CAAC,CAAC;AAC9B,CAAC,CAAC,CAAC,CAAC,CAAC,CAAC,CAAC,CAAC,EAAE,CAAC,CAAC,KAAK,CAAC,QAAQ,CAAC,CAAC,CAAC,CAAC,KAAK,CAAC,QAAQ,CAAC,MAAM,CAAC,CAAC,CAAC,CAAC,CAAC,GAAG,CAAC,CAAC,CAAC,CAAC,aAAa,CAAC,KAAK,CAAC,CAAC;AACpF,CAAC,CAAC,CAAC,CAAC,CAAC,CAAC,CAAC,CAAC,CAAC,CAAC,aAAa,CAAC,SAAS,CAAC,QAAQ,CAAC,KAAK,CAAC,QAAQ,CAAC,IAAI,CAAC,KAAK;AACpE,CAAC,CAAC,CAAC,CAAC,CAAC,CAAC,CAAC,CAAC;;AAER,CAAC,CAAC,CAAC,CAAC,CAAC,CAAC,CAAC,CAAC,EAAE,CAAC,CAAC,KAAK,CAAC,CAAC,CAAC,CAAC,CAAC,aAAa,CAAC,SAAS,CAAC,QAAQ,CAAC,CAAC,CAAC,CAAC;AAC1D,CAAC,CAAC,CAAC,CAAC,CAAC,CAAC,CAAC,CAAC,CAAC,CAAC,aAAa,CAAC,KAAK,CAAC,CAAC,CAAC;AAChC,CAAC,CAAC,CAAC,CAAC,CAAC,CAAC,CAAC,CAAC,CAAC,CAAC,OAAO,CAAC,YAAY,CAAC,WAAW,CAAC,CAAC,aAAa,CAAC;AAC1D,CAAC,CAAC,CAAC,CAAC,CAAC,CAAC,CAAC,CAAC;;AAER,CAAC,CAAC,CAAC,CAAC,CAAC,CAAC,CAAC,CAAC,EAAE,CAAC,CAAC,KAAK,CAAC,QAAQ,CAAC,CAAC,CAAC,CAAC,KAAK,CAAC,QAAQ,CAAC,MAAM,CAAC,CAAC,CAAC,CAAC,CAAC,GAAG,CAAC,CAAC,CAAC,CAAC,aAAa,CAAC,mBAAmB,CAAC,CAAC;AAClG,CAAC,CAAC,CAAC,CAAC,CAAC,CAAC,CAAC,CAAC,CAAC,CAAC,EAAE,CAAC,CAAC,CAAC,aAAa,CAAC,SAAS,CAAC,YAAY,CAAC,GAAG,CAAC,CAAC,CAAC,UAAU;AACpE,CAAC,CAAC,CAAC,CAAC,CAAC,CAAC,CAAC,CAAC,CAAC,CAAC,CAAC,CAAC,aAAa,CAAC,SAAS,CAAC,MAAM,CAAC;;AAE3C,CAAC,CAAC,CAAC,CAAC,CAAC,CAAC,CAAC,CAAC,CAAC,CAAC,EAAE,CAAC,CAAC,CAAC,aAAa,CAAC,SAAS,CAAC,YAAY,CAAC,GAAG,CAAC,CAAC,CAAC,WAAW,CAAC,CAAC,MAAM,CAAC,IAAI,CAAC;AACnF,CAAC,CAAC,CAAC,CAAC,CAAC,CAAC,CAAC,CAAC;;AAER,CAAC,CAAC,CAAC,CAAC,CAAC,CAAC,CAAC,CAAC,EAAE,CAAC,CAAC,KAAK,CAAC,QAAQ,CAAC,CAAC,CAAC,CAAC,KAAK,CAAC,QAAQ,CAAC,MAAM,CAAC,CAAC,CAAC,CAAC,CAAC,GAAG,CAAC,CAAC,CAAC,CAAC,aAAa,CAAC,mBAAmB,CAAC,CAAC;AAClG,CAAC,CAAC,CAAC,CAAC,CAAC,CAAC,CAAC,CAAC,CAAC,CAAC,EAAE,CAAC,CAAC,CAAC,aAAa,CAAC,SAAS,CAAC,YAAY,CAAC,GAAG,CAAC,CAAC,CAAC,UAAU;AACpE,CAAC,CAAC,CAAC,CAAC,CAAC,CAAC,CAAC,CAAC,CAAC,CAAC,CAAC,CAAC,aAAa,CAAC,SAAS,CAAC,MAAM,CAAC;;AAE3C,CAAC,CAAC,CAAC,CAAC,CAAC,CAAC,CAAC,CAAC,CAAC,CAAC,EAAE,CAAC,CAAC,CAAC,aAAa,CAAC,SAAS,CAAC,YAAY,CAAC,GAAG,CAAC,CAAC,CAAC,WAAW,CAAC,CAAC,MAAM,CAAC,IAAI,CAAC;AACnF,CAAC,CAAC,CAAC,CAAC,CAAC,CAAC,CAAC,CAAC;;AAER,CAAC,CAAC,CAAC,CAAC,CAAC,CAAC,CAAC,CAAC,EAAE,CAAC,CAAC,KAAK,CAAC,QAAQ,CAAC,CAAC,MAAM,CAAC,CAAC,CAAC,CAAC,aAAa,CAAC,SAAS,CAAC,cAAc,CAAC,KAAK,CAAC,QAAQ,CAAC,MAAM,CAAC;AACnG,CAAC,CAAC,CAAC,CAAC,CAAC,CAAC,CAAC,CAAC,CAAC,CAAC,aAAa,CAAC,SAAS,CAAC,cAAc,CAAC,KAAK,CAAC,QAAQ,CAAC,MAAM,CAAC,CAAC;AACxE,CAAC,CAAC,CAAC,CAAC,CAAC,CAAC,CAAC,CAAC,CAAC,CAAC,CAAC,CAAC,KAAK;AACjB,CAAC,CAAC,CAAC,CAAC,CAAC,CAAC,CAAC,CAAC,CAAC,CAAC,CAAC,CAAC,WAAW;AACvB,CAAC,CAAC,CAAC,CAAC,CAAC,CAAC,CAAC,CAAC,CAAC,CAAC,CAAC,CAAC,aAAa;AACzB,CAAC,CAAC,CAAC,CAAC,CAAC,CAAC,CAAC,CAAC,CAAC,CAAC,CAAC,CAAC,OAAO;AACnB,CAAC,CAAC,CAAC,CAAC,CAAC,CAAC,CAAC,CAAC,CAAC,CAAC,CAAC,CAAC,MAAM;AAClB,CAAC,CAAC,CAAC,CAAC,CAAC,CAAC,CAAC,CAAC,CAAC,CAAC,CAAC;AACX,CAAC,CAAC,CAAC,CAAC,CAAC,CAAC,CAAC,CAAC;AACR,CAAC,CAAC,CAAC,CAAC,CAAC,CAAC,CAAC,CAAC,CAAC,CAAC,aAAa,CAAC,SAAS,CAAC,cAAc,CAAC,OAAO,CAAC;AACzD,CAAC,CAAC,CAAC,CAAC,CAAC,CAAC,CAAC,CAAC,CAAC,CAAC,CAAC,CAAC,KAAK;AACjB,CAAC,CAAC,CAAC,CAAC,CAAC,CAAC,CAAC,CAAC,CAAC,CAAC,CAAC,CAAC,WAAW;AACvB,CAAC,CAAC,CAAC,CAAC,CAAC,CAAC,CAAC,CAAC,CAAC,CAAC,CAAC,CAAC,aAAa;AACzB,CAAC,CAAC,CAAC,CAAC,CAAC,CAAC,CAAC,CAAC,CAAC,CAAC,CAAC,CAAC,OAAO;AACnB,CAAC,CAAC,CAAC,CAAC,CAAC,CAAC,CAAC,CAAC,CAAC,CAAC,CAAC,CAAC,MAAM;AAClB,CAAC,CAAC,CAAC,CAAC,CAAC,CAAC,CAAC,CAAC,CAAC,CAAC,CAAC;AACX,CAAC,CAAC,CAAC,CAAC,CAAC,CAAC,CAAC;AACP,CAAC,CAAC,CAAC;AACH;"
    },
    "_coverageSchema": "1a1c01bbd47fc00a2c39e90264f33305004495a9",
    "hash": "40cd2d0a8b8b43aae8b0adc8e1392df0618b4c50"
  },
  "/Users/gael/Desktop/INSSET_COURS/ProjetThematique/web/src/router/index.ts": {
    "path": "/Users/gael/Desktop/INSSET_COURS/ProjetThematique/web/src/router/index.ts",
    "statementMap": {
      "0": {
        "start": {
          "line": 3,
          "column": 15
        },
        "end": {
          "line": 53,
          "column": 1
        }
      },
      "1": {
        "start": {
          "line": 7,
          "column": 21
        },
        "end": {
          "line": 7,
          "column": 52
        }
      },
      "2": {
        "start": {
          "line": 12,
          "column": 21
        },
        "end": {
          "line": 12,
          "column": 52
        }
      },
      "3": {
        "start": {
          "line": 17,
          "column": 21
        },
        "end": {
          "line": 17,
          "column": 52
        }
      },
      "4": {
        "start": {
          "line": 22,
          "column": 21
        },
        "end": {
          "line": 22,
          "column": 57
        }
      },
      "5": {
        "start": {
          "line": 27,
          "column": 21
        },
        "end": {
          "line": 27,
          "column": 63
        }
      },
      "6": {
        "start": {
          "line": 32,
          "column": 21
        },
        "end": {
          "line": 32,
          "column": 55
        }
      },
      "7": {
        "start": {
          "line": 37,
          "column": 21
        },
        "end": {
          "line": 37,
          "column": 55
        }
      },
      "8": {
        "start": {
          "line": 42,
          "column": 21
        },
        "end": {
          "line": 42,
          "column": 53
        }
      },
      "9": {
        "start": {
          "line": 47,
          "column": 21
        },
        "end": {
          "line": 47,
          "column": 56
        }
      },
      "10": {
        "start": {
          "line": 54,
          "column": 15
        },
        "end": {
          "line": 57,
          "column": 2
        }
      },
      "11": {
        "start": {
          "line": 58,
          "column": 0
        },
        "end": {
          "line": 65,
          "column": 3
        }
      },
      "12": {
        "start": {
          "line": 59,
          "column": 15
        },
        "end": {
          "line": 59,
          "column": 29
        }
      },
      "13": {
        "start": {
          "line": 60,
          "column": 26
        },
        "end": {
          "line": 60,
          "column": 63
        }
      },
      "14": {
        "start": {
          "line": 61,
          "column": 2
        },
        "end": {
          "line": 63,
          "column": 3
        }
      },
      "15": {
        "start": {
          "line": 62,
          "column": 4
        },
        "end": {
          "line": 62,
          "column": 32
        }
      },
      "16": {
        "start": {
          "line": 64,
          "column": 2
        },
        "end": {
          "line": 64,
          "column": 9
        }
      }
    },
    "fnMap": {
      "0": {
        "name": "(anonymous_0)",
        "decl": {
          "start": {
            "line": 7,
            "column": 15
          },
          "end": {
            "line": 7,
            "column": 16
          }
        },
        "loc": {
          "start": {
            "line": 7,
            "column": 21
          },
          "end": {
            "line": 7,
            "column": 52
          }
        },
        "line": 7
      },
      "1": {
        "name": "(anonymous_1)",
        "decl": {
          "start": {
            "line": 12,
            "column": 15
          },
          "end": {
            "line": 12,
            "column": 16
          }
        },
        "loc": {
          "start": {
            "line": 12,
            "column": 21
          },
          "end": {
            "line": 12,
            "column": 52
          }
        },
        "line": 12
      },
      "2": {
        "name": "(anonymous_2)",
        "decl": {
          "start": {
            "line": 17,
            "column": 15
          },
          "end": {
            "line": 17,
            "column": 16
          }
        },
        "loc": {
          "start": {
            "line": 17,
            "column": 21
          },
          "end": {
            "line": 17,
            "column": 52
          }
        },
        "line": 17
      },
      "3": {
        "name": "(anonymous_3)",
        "decl": {
          "start": {
            "line": 22,
            "column": 15
          },
          "end": {
            "line": 22,
            "column": 16
          }
        },
        "loc": {
          "start": {
            "line": 22,
            "column": 21
          },
          "end": {
            "line": 22,
            "column": 57
          }
        },
        "line": 22
      },
      "4": {
        "name": "(anonymous_4)",
        "decl": {
          "start": {
            "line": 27,
            "column": 15
          },
          "end": {
            "line": 27,
            "column": 16
          }
        },
        "loc": {
          "start": {
            "line": 27,
            "column": 21
          },
          "end": {
            "line": 27,
            "column": 63
          }
        },
        "line": 27
      },
      "5": {
        "name": "(anonymous_5)",
        "decl": {
          "start": {
            "line": 32,
            "column": 15
          },
          "end": {
            "line": 32,
            "column": 16
          }
        },
        "loc": {
          "start": {
            "line": 32,
            "column": 21
          },
          "end": {
            "line": 32,
            "column": 55
          }
        },
        "line": 32
      },
      "6": {
        "name": "(anonymous_6)",
        "decl": {
          "start": {
            "line": 37,
            "column": 15
          },
          "end": {
            "line": 37,
            "column": 16
          }
        },
        "loc": {
          "start": {
            "line": 37,
            "column": 21
          },
          "end": {
            "line": 37,
            "column": 55
          }
        },
        "line": 37
      },
      "7": {
        "name": "(anonymous_7)",
        "decl": {
          "start": {
            "line": 42,
            "column": 15
          },
          "end": {
            "line": 42,
            "column": 16
          }
        },
        "loc": {
          "start": {
            "line": 42,
            "column": 21
          },
          "end": {
            "line": 42,
            "column": 53
          }
        },
        "line": 42
      },
      "8": {
        "name": "(anonymous_8)",
        "decl": {
          "start": {
            "line": 47,
            "column": 15
          },
          "end": {
            "line": 47,
            "column": 16
          }
        },
        "loc": {
          "start": {
            "line": 47,
            "column": 21
          },
          "end": {
            "line": 47,
            "column": 56
          }
        },
        "line": 47
      },
      "9": {
        "name": "(anonymous_9)",
        "decl": {
          "start": {
            "line": 58,
            "column": 18
          },
          "end": {
            "line": 58,
            "column": 19
          }
        },
        "loc": {
          "start": {
            "line": 58,
            "column": 38
          },
          "end": {
            "line": 65,
            "column": 1
          }
        },
        "line": 58
      }
    },
    "branchMap": {
      "0": {
        "loc": {
          "start": {
            "line": 61,
            "column": 2
          },
          "end": {
            "line": 63,
            "column": 3
          }
        },
        "type": "if",
        "locations": [
          {
            "start": {
              "line": 61,
              "column": 2
            },
            "end": {
              "line": 63,
              "column": 3
            }
          },
          {
            "start": {},
            "end": {}
          }
        ],
        "line": 61
      },
      "1": {
        "loc": {
          "start": {
            "line": 61,
            "column": 6
          },
          "end": {
            "line": 61,
            "column": 57
          }
        },
        "type": "binary-expr",
        "locations": [
          {
            "start": {
              "line": 61,
              "column": 6
            },
            "end": {
              "line": 61,
              "column": 20
            }
          },
          {
            "start": {
              "line": 61,
              "column": 24
            },
            "end": {
              "line": 61,
              "column": 57
            }
          }
        ],
        "line": 61
      }
    },
    "s": {
      "0": 3,
      "1": 3,
      "2": 1,
      "3": 0,
      "4": 0,
      "5": 0,
      "6": 2,
      "7": 0,
      "8": 3,
      "9": 0,
      "10": 3,
      "11": 3,
      "12": 12,
      "13": 12,
      "14": 12,
      "15": 3,
      "16": 12
    },
    "f": {
      "0": 3,
      "1": 1,
      "2": 0,
      "3": 0,
      "4": 0,
      "5": 2,
      "6": 0,
      "7": 3,
      "8": 0,
      "9": 12
    },
    "b": {
      "0": [
        3,
        9
      ],
      "1": [
        12,
        9
      ]
    },
    "inputSourceMap": {
      "version": 3,
      "sources": [
        "/Users/gael/Desktop/INSSET_COURS/ProjetThematique/web/src/router/index.ts"
      ],
      "mappings": "AAAA,SAAS,cAAc,wBAA6C;AACpE,OAAO,kBAAkB;AAEzB,MAAM,SAA2B;AAAA,EAC/B;AAAA,IACE,MAAM;AAAA,IACN,MAAM;AAAA,IACN,WAAW,MAAM,OAAO,uBAAuB;AAAA,EACjD;AAAA,EACA;AAAA,IACE,MAAM;AAAA,IACN,MAAM;AAAA,IACN,WAAW,MAAM,OAAO,uBAAuB;AAAA,EACjD;AAAA,EACA;AAAA,IACE,MAAM;AAAA,IACN,MAAM;AAAA,IACN,WAAW,MAAM,OAAO,uBAAuB;AAAA,EACjD;AAAA,EACA;AAAA,IACE,MAAM;AAAA,IACN,MAAM;AAAA,IACN,WAAW,MAAM,OAAO,4BAA4B;AAAA,EACtD;AAAA,EACA;AAAA,IACE,MAAM;AAAA,IACN,MAAM;AAAA,IACN,WAAW,MAAM,OAAO,kCAAkC;AAAA,EAC5D;AAAA,EACA;AAAA,IACE,MAAM;AAAA,IACN,MAAM;AAAA,IACN,WAAW,MAAM,OAAO,0BAA0B;AAAA,EACpD;AAAA,EACA;AAAA,IACE,MAAM;AAAA,IACN,MAAM;AAAA,IACN,WAAW,MAAM,OAAO,0BAA0B;AAAA,EACpD;AAAA,EACA;AAAA,IACE,MAAM;AAAA,IACN,MAAM;AAAA,IACN,WAAW,MAAM,OAAO,wBAAwB;AAAA,EAClD;AAAA,EACA;AAAA,IACE,MAAM;AAAA,IACN,MAAM;AAAA,IACN,WAAW,MAAM,OAAO,2BAA2B;AAAA,EACrD;AAAA,EACA;AAAA,IACE,MAAM;AAAA,IACN,UAAU,EAAE,MAAM,OAAO;AAAA,EAC3B;AACF;AAEA,MAAM,SAAS,aAAa;AAAA,EAC1B,SAAS,iBAAiB,YAAY,IAAI,QAAQ;AAAA,EAClD;AACF,CAAC;AAED,OAAO,WAAW,CAAC,IAAI,MAAM,SAAS;AACpC,QAAM,OAAO,aAAa;AAG1B,QAAM,kBAAkB,CAAC,WAAW,YAAY,YAAY;AAI5D,MAAI,CAAC,KAAK,YAAY,gBAAgB,SAAS,GAAG,IAAc,GAAG;AACjE,SAAK,WAAW,GAAG;AAAA,EACrB;AAEA,OAAK;AACP,CAAC;AAED,eAAe;",
      "names": []
    },
    "_coverageSchema": "1a1c01bbd47fc00a2c39e90264f33305004495a9",
    "hash": "24cc4ed57e4b7bb661d5607c0da933a08a44e6ac"
  },
  "/Users/gael/Desktop/INSSET_COURS/ProjetThematique/web/src/services/axiosOverlayConnector.js": {
    "path": "/Users/gael/Desktop/INSSET_COURS/ProjetThematique/web/src/services/axiosOverlayConnector.js",
    "statementMap": {
      "0": {
        "start": {
          "line": 7,
          "column": 18
        },
        "end": {
          "line": 7,
          "column": 32
        }
      },
      "1": {
        "start": {
          "line": 9,
          "column": 23
        },
        "end": {
          "line": 39,
          "column": 3
        }
      },
      "2": {
        "start": {
          "line": 11,
          "column": 6
        },
        "end": {
          "line": 11,
          "column": 28
        }
      },
      "3": {
        "start": {
          "line": 14,
          "column": 6
        },
        "end": {
          "line": 14,
          "column": 29
        }
      },
      "4": {
        "start": {
          "line": 17,
          "column": 6
        },
        "end": {
          "line": 17,
          "column": 24
        }
      },
      "5": {
        "start": {
          "line": 21,
          "column": 8
        },
        "end": {
          "line": 21,
          "column": 26
        }
      },
      "6": {
        "start": {
          "line": 22,
          "column": 8
        },
        "end": {
          "line": 22,
          "column": 70
        }
      },
      "7": {
        "start": {
          "line": 22,
          "column": 41
        },
        "end": {
          "line": 22,
          "column": 70
        }
      },
      "8": {
        "start": {
          "line": 24,
          "column": 8
        },
        "end": {
          "line": 24,
          "column": 21
        }
      },
      "9": {
        "start": {
          "line": 27,
          "column": 8
        },
        "end": {
          "line": 27,
          "column": 54
        }
      },
      "10": {
        "start": {
          "line": 27,
          "column": 41
        },
        "end": {
          "line": 27,
          "column": 54
        }
      },
      "11": {
        "start": {
          "line": 31,
          "column": 8
        },
        "end": {
          "line": 31,
          "column": 21
        }
      },
      "12": {
        "start": {
          "line": 34,
          "column": 8
        },
        "end": {
          "line": 34,
          "column": 70
        }
      },
      "13": {
        "start": {
          "line": 34,
          "column": 41
        },
        "end": {
          "line": 34,
          "column": 70
        }
      },
      "14": {
        "start": {
          "line": 36,
          "column": 8
        },
        "end": {
          "line": 36,
          "column": 21
        }
      },
      "15": {
        "start": {
          "line": 41,
          "column": 2
        },
        "end": {
          "line": 41,
          "column": 60
        }
      },
      "16": {
        "start": {
          "line": 41,
          "column": 32
        },
        "end": {
          "line": 41,
          "column": 60
        }
      },
      "17": {
        "start": {
          "line": 44,
          "column": 2
        },
        "end": {
          "line": 44,
          "column": 77
        }
      },
      "18": {
        "start": {
          "line": 45,
          "column": 2
        },
        "end": {
          "line": 48,
          "column": 3
        }
      },
      "19": {
        "start": {
          "line": 49,
          "column": 2
        },
        "end": {
          "line": 52,
          "column": 3
        }
      },
      "20": {
        "start": {
          "line": 54,
          "column": 2
        },
        "end": {
          "line": 54,
          "column": 49
        }
      }
    },
    "fnMap": {
      "0": {
        "name": "axiosOverlayConnector",
        "decl": {
          "start": {
            "line": 6,
            "column": 24
          },
          "end": {
            "line": 6,
            "column": 45
          }
        },
        "loc": {
          "start": {
            "line": 6,
            "column": 79
          },
          "end": {
            "line": 55,
            "column": 1
          }
        },
        "line": 6
      },
      "1": {
        "name": "(anonymous_1)",
        "decl": {
          "start": {
            "line": 10,
            "column": 14
          },
          "end": {
            "line": 10,
            "column": 15
          }
        },
        "loc": {
          "start": {
            "line": 10,
            "column": 20
          },
          "end": {
            "line": 12,
            "column": 5
          }
        },
        "line": 10
      },
      "2": {
        "name": "(anonymous_2)",
        "decl": {
          "start": {
            "line": 13,
            "column": 14
          },
          "end": {
            "line": 13,
            "column": 15
          }
        },
        "loc": {
          "start": {
            "line": 13,
            "column": 25
          },
          "end": {
            "line": 15,
            "column": 5
          }
        },
        "line": 13
      },
      "3": {
        "name": "(anonymous_3)",
        "decl": {
          "start": {
            "line": 16,
            "column": 4
          },
          "end": {
            "line": 16,
            "column": 5
          }
        },
        "loc": {
          "start": {
            "line": 16,
            "column": 13
          },
          "end": {
            "line": 18,
            "column": 5
          }
        },
        "line": 16
      },
      "4": {
        "name": "(anonymous_4)",
        "decl": {
          "start": {
            "line": 20,
            "column": 15
          },
          "end": {
            "line": 20,
            "column": 16
          }
        },
        "loc": {
          "start": {
            "line": 20,
            "column": 38
          },
          "end": {
            "line": 25,
            "column": 7
          }
        },
        "line": 20
      },
      "5": {
        "name": "(anonymous_5)",
        "decl": {
          "start": {
            "line": 26,
            "column": 11
          },
          "end": {
            "line": 26,
            "column": 12
          }
        },
        "loc": {
          "start": {
            "line": 26,
            "column": 49
          },
          "end": {
            "line": 32,
            "column": 7
          }
        },
        "line": 26
      },
      "6": {
        "name": "(anonymous_6)",
        "decl": {
          "start": {
            "line": 33,
            "column": 11
          },
          "end": {
            "line": 33,
            "column": 12
          }
        },
        "loc": {
          "start": {
            "line": 33,
            "column": 49
          },
          "end": {
            "line": 37,
            "column": 7
          }
        },
        "line": 33
      }
    },
    "branchMap": {
      "0": {
        "loc": {
          "start": {
            "line": 6,
            "column": 59
          },
          "end": {
            "line": 6,
            "column": 77
          }
        },
        "type": "default-arg",
        "locations": [
          {
            "start": {
              "line": 6,
              "column": 75
            },
            "end": {
              "line": 6,
              "column": 77
            }
          }
        ],
        "line": 6
      },
      "1": {
        "loc": {
          "start": {
            "line": 22,
            "column": 8
          },
          "end": {
            "line": 22,
            "column": 70
          }
        },
        "type": "if",
        "locations": [
          {
            "start": {
              "line": 22,
              "column": 8
            },
            "end": {
              "line": 22,
              "column": 70
            }
          },
          {
            "start": {},
            "end": {}
          }
        ],
        "line": 22
      },
      "2": {
        "loc": {
          "start": {
            "line": 27,
            "column": 8
          },
          "end": {
            "line": 27,
            "column": 54
          }
        },
        "type": "if",
        "locations": [
          {
            "start": {
              "line": 27,
              "column": 8
            },
            "end": {
              "line": 27,
              "column": 54
            }
          },
          {
            "start": {},
            "end": {}
          }
        ],
        "line": 27
      },
      "3": {
        "loc": {
          "start": {
            "line": 34,
            "column": 8
          },
          "end": {
            "line": 34,
            "column": 70
          }
        },
        "type": "if",
        "locations": [
          {
            "start": {
              "line": 34,
              "column": 8
            },
            "end": {
              "line": 34,
              "column": 70
            }
          },
          {
            "start": {},
            "end": {}
          }
        ],
        "line": 34
      },
      "4": {
        "loc": {
          "start": {
            "line": 41,
            "column": 2
          },
          "end": {
            "line": 41,
            "column": 60
          }
        },
        "type": "if",
        "locations": [
          {
            "start": {
              "line": 41,
              "column": 2
            },
            "end": {
              "line": 41,
              "column": 60
            }
          },
          {
            "start": {},
            "end": {}
          }
        ],
        "line": 41
      }
    },
    "s": {
      "0": 13,
      "1": 13,
      "2": 13,
      "3": 0,
      "4": 0,
      "5": 0,
      "6": 0,
      "7": 0,
      "8": 0,
      "9": 0,
      "10": 0,
      "11": 0,
      "12": 0,
      "13": 0,
      "14": 0,
      "15": 13,
      "16": 13,
      "17": 13,
      "18": 13,
      "19": 13,
      "20": 13
    },
    "f": {
      "0": 13,
      "1": 13,
      "2": 0,
      "3": 0,
      "4": 0,
      "5": 0,
      "6": 0
    },
    "b": {
      "0": [
        13
      ],
      "1": [
        0,
        0
      ],
      "2": [
        0,
        0
      ],
      "3": [
        0,
        0
      ],
      "4": [
        13,
        0
      ]
    },
    "inputSourceMap": {
      "version": 3,
      "sources": [
        "/Users/gael/Desktop/INSSET_COURS/ProjetThematique/web/src/services/axiosOverlayConnector.js"
      ],
      "names": [],
      "mappings": "AAAA,MAAM,CAAC,YAAY,CAAC,IAAI,CAAC,CAAC,CAAC,CAAC,YAAY;AACxC,MAAM,CAAC,YAAY,CAAC,IAAI,CAAC,CAAC,CAAC,CAAC,MAAM,CAAC,IAAI;;AAEvC,MAAM,CAAC,MAAM,CAAC,IAAI,CAAC,CAAC,CAAC,CAAC,MAAM;;AAE5B,MAAM,CAAC,OAAO,CAAC,QAAQ,CAAC,qBAAqB,CAAC,WAAW,CAAC,CAAC,aAAa,CAAC,CAAC,CAAC,CAAC,CAAC,CAAC,CAAC;AAC/E,CAAC,CAAC,GAAG,CAAC,SAAS,CAAC,CAAC,CAAC,YAAY,CAAC;;AAE/B,CAAC,CAAC,GAAG,CAAC,cAAc,CAAC,CAAC,CAAC;AACvB,CAAC,CAAC,CAAC,CAAC,QAAQ,CAAC,CAAC,CAAC,CAAC,CAAC,CAAC,CAAC,CAAC;AACpB,CAAC,CAAC,CAAC,CAAC,CAAC,CAAC,MAAM,CAAC,SAAS,CAAC;AACvB,CAAC,CAAC,CAAC,CAAC,CAAC;AACL,CAAC,CAAC,CAAC,CAAC,QAAQ,CAAC,CAAC,CAAC,KAAK,CAAC,CAAC,CAAC,CAAC,CAAC;AACzB,CAAC,CAAC,CAAC,CAAC,CAAC,CAAC,SAAS,CAAC,KAAK,CAAC,CAAC,CAAC;AACxB,CAAC,CAAC,CAAC,CAAC,CAAC;AACL,CAAC,CAAC,CAAC,CAAC,MAAM,CAAC,CAAC,CAAC;AACb,CAAC,CAAC,CAAC,CAAC,CAAC,CAAC,SAAS,CAAC,MAAM,CAAC;AACvB,CAAC,CAAC,CAAC,CAAC,CAAC;AACL,CAAC,CAAC,CAAC,CAAC,cAAc,CAAC,CAAC;AACpB,CAAC,CAAC,CAAC,CAAC,CAAC,CAAC,OAAO,CAAC,CAAC,CAAC,CAAC,CAAC,KAAK,CAAC,CAAC,MAAM,CAAC,CAAC,CAAC,CAAC,CAAC,CAAC,CAAC;AACtC,CAAC,CAAC,CAAC,CAAC,CAAC,CAAC,CAAC,CAAC,OAAO,CAAC,GAAG,CAAC,KAAK;AACzB,CAAC,CAAC,CAAC,CAAC,CAAC,CAAC,CAAC,CAAC,EAAE,CAAC,CAAC,aAAa,CAAC,aAAa,CAAC,CAAC,MAAM,CAAC,IAAI,CAAC,CAAC,CAAC,IAAI,CAAC,CAAC,CAAC,IAAI,CAAC,CAAC,CAAC;;AAErE,CAAC,CAAC,CAAC,CAAC,CAAC,CAAC,CAAC,CAAC,MAAM,CAAC,KAAK;AACpB,CAAC,CAAC,CAAC,CAAC,CAAC,CAAC,CAAC;AACP,CAAC,CAAC,CAAC,CAAC,CAAC,CAAC,GAAG,CAAC,CAAC,CAAC,CAAC,CAAC,KAAK,CAAC,CAAC,aAAa,CAAC,CAAC,MAAM,CAAC,CAAC,CAAC,CAAC,CAAC,CAAC,CAAC;AACjD,CAAC,CAAC,CAAC,CAAC,CAAC,CAAC,CAAC,CAAC,EAAE,CAAC,CAAC,aAAa,CAAC,aAAa,CAAC,CAAC,MAAM,CAAC,KAAK;AACrD,CAAC,CAAC,CAAC,CAAC,CAAC,CAAC,CAAC,CAAC,CAAC,CAAC,CAAC,GAAG,CAAC,EAAE,CAAC,UAAU,CAAC,EAAE,CAAC,MAAM,CAAC,EAAE,CAAC,OAAO,CAAC,EAAE,CAAC,UAAU,CAAC,EAAE,CAAC;AACnE,CAAC,CAAC,CAAC,CAAC,CAAC,CAAC,CAAC,CAAC,CAAC,CAAC,CAAC,MAAM,CAAC,IAAI,CAAC,CAAC,CAAC,IAAI,CAAC,CAAC,CAAC,IAAI,CAAC,CAAC,CAAC;;AAEvC,CAAC,CAAC,CAAC,CAAC,CAAC,CAAC,CAAC,CAAC,MAAM,CAAC,KAAK;AACpB,CAAC,CAAC,CAAC,CAAC,CAAC,CAAC,CAAC;AACP,CAAC,CAAC,CAAC,CAAC,CAAC,CAAC,GAAG,CAAC,CAAC,CAAC,CAAC,CAAC,KAAK,CAAC,CAAC,aAAa,CAAC,CAAC,MAAM,CAAC,CAAC,CAAC,CAAC,CAAC,CAAC,CAAC;AACjD,CAAC,CAAC,CAAC,CAAC,CAAC,CAAC,CAAC,CAAC,EAAE,CAAC,CAAC,aAAa,CAAC,aAAa,CAAC,CAAC,MAAM,CAAC,IAAI,CAAC,CAAC,CAAC,IAAI,CAAC,CAAC,CAAC,IAAI,CAAC,CAAC,CAAC;;AAErE,CAAC,CAAC,CAAC,CAAC,CAAC,CAAC,CAAC,CAAC,MAAM,CAAC,KAAK;AACpB,CAAC,CAAC,CAAC,CAAC,CAAC,CAAC,CAAC;AACP,CAAC,CAAC,CAAC,CAAC,CAAC;AACL,CAAC,CAAC;;AAEF,CAAC,CAAC,EAAE,CAAC,CAAC,CAAC,aAAa,CAAC,SAAS,CAAC,CAAC,aAAa,CAAC,SAAS,CAAC,CAAC,CAAC,CAAC;;AAE3D,CAAC,CAAC,CAAC,CAAC,CAAC,SAAS,CAAC,cAAc,CAAC,IAAI,CAAC,aAAa,CAAC;AACjD,CAAC,CAAC,aAAa,CAAC,SAAS,CAAC,CAAC,CAAC,CAAC,CAAC,CAAC,CAAC,CAAC,cAAc,CAAC,CAAC,CAAC,CAAC,CAAC,aAAa,CAAC,SAAS,CAAC;AAC5E,CAAC,CAAC,aAAa,CAAC,SAAS,CAAC,cAAc,CAAC,CAAC,CAAC;AAC3C,CAAC,CAAC,CAAC,CAAC,CAAC,CAAC,CAAC,cAAc,CAAC,cAAc;AACpC,CAAC,CAAC,CAAC,CAAC,CAAC,CAAC,CAAC,aAAa,CAAC,SAAS,CAAC,cAAc;AAC7C,CAAC,CAAC;AACF,CAAC,CAAC,aAAa,CAAC,SAAS,CAAC,YAAY,CAAC,CAAC,CAAC;AACzC,CAAC,CAAC,CAAC,CAAC,CAAC,CAAC,CAAC,cAAc,CAAC,YAAY;AAClC,CAAC,CAAC,CAAC,CAAC,CAAC,CAAC,CAAC,aAAa,CAAC,SAAS,CAAC,YAAY;AAC3C,CAAC,CAAC;;AAEF,CAAC,CAAC,MAAM,CAAC,YAAY,CAAC,WAAW,CAAC,CAAC,aAAa;AAChD;"
    },
    "_coverageSchema": "1a1c01bbd47fc00a2c39e90264f33305004495a9",
    "hash": "f37da646c10e75e6051d519695429e30c392aa75"
  },
  "/Users/gael/Desktop/INSSET_COURS/ProjetThematique/web/src/stores/user.ts": {
    "path": "/Users/gael/Desktop/INSSET_COURS/ProjetThematique/web/src/stores/user.ts",
    "statementMap": {
      "0": {
        "start": {
          "line": 6,
          "column": 0
        },
        "end": {
          "line": 6,
          "column": 19
        }
      },
      "1": {
        "start": {
          "line": 8,
          "column": 16
        },
        "end": {
          "line": 14,
          "column": 3
        }
      },
      "2": {
        "start": {
          "line": 21,
          "column": 26
        },
        "end": {
          "line": 21,
          "column": 43
        }
      },
      "3": {
        "start": {
          "line": 23,
          "column": 6
        },
        "end": {
          "line": 29,
          "column": 7
        }
      },
      "4": {
        "start": {
          "line": 24,
          "column": 24
        },
        "end": {
          "line": 24,
          "column": 48
        }
      },
      "5": {
        "start": {
          "line": 25,
          "column": 8
        },
        "end": {
          "line": 25,
          "column": 35
        }
      },
      "6": {
        "start": {
          "line": 25,
          "column": 22
        },
        "end": {
          "line": 25,
          "column": 35
        }
      },
      "7": {
        "start": {
          "line": 26,
          "column": 25
        },
        "end": {
          "line": 26,
          "column": 55
        }
      },
      "8": {
        "start": {
          "line": 27,
          "column": 37
        },
        "end": {
          "line": 27,
          "column": 65
        }
      },
      "9": {
        "start": {
          "line": 28,
          "column": 8
        },
        "end": {
          "line": 28,
          "column": 47
        }
      },
      "10": {
        "start": {
          "line": 30,
          "column": 6
        },
        "end": {
          "line": 30,
          "column": 19
        }
      },
      "11": {
        "start": {
          "line": 33,
          "column": 6
        },
        "end": {
          "line": 33,
          "column": 36
        }
      },
      "12": {
        "start": {
          "line": 33,
          "column": 24
        },
        "end": {
          "line": 33,
          "column": 36
        }
      },
      "13": {
        "start": {
          "line": 34,
          "column": 6
        },
        "end": {
          "line": 34,
          "column": 36
        }
      },
      "14": {
        "start": {
          "line": 39,
          "column": 6
        },
        "end": {
          "line": 39,
          "column": 24
        }
      },
      "15": {
        "start": {
          "line": 42,
          "column": 6
        },
        "end": {
          "line": 42,
          "column": 21
        }
      },
      "16": {
        "start": {
          "line": 43,
          "column": 18
        },
        "end": {
          "line": 43,
          "column": 69
        }
      },
      "17": {
        "start": {
          "line": 44,
          "column": 6
        },
        "end": {
          "line": 61,
          "column": 7
        }
      },
      "18": {
        "start": {
          "line": 45,
          "column": 21
        },
        "end": {
          "line": 48,
          "column": 9
        }
      },
      "19": {
        "start": {
          "line": 49,
          "column": 23
        },
        "end": {
          "line": 53,
          "column": 9
        }
      },
      "20": {
        "start": {
          "line": 54,
          "column": 25
        },
        "end": {
          "line": 54,
          "column": 60
        }
      },
      "21": {
        "start": {
          "line": 55,
          "column": 8
        },
        "end": {
          "line": 55,
          "column": 29
        }
      },
      "22": {
        "start": {
          "line": 57,
          "column": 24
        },
        "end": {
          "line": 57,
          "column": 45
        }
      },
      "23": {
        "start": {
          "line": 58,
          "column": 8
        },
        "end": {
          "line": 58,
          "column": 32
        }
      },
      "24": {
        "start": {
          "line": 60,
          "column": 8
        },
        "end": {
          "line": 60,
          "column": 23
        }
      },
      "25": {
        "start": {
          "line": 64,
          "column": 6
        },
        "end": {
          "line": 64,
          "column": 21
        }
      },
      "26": {
        "start": {
          "line": 65,
          "column": 18
        },
        "end": {
          "line": 65,
[...]
      "7": [
        0,
        0
      ]
    },
    "inputSourceMap": {
      "version": 3,
      "mappings": ";;;;;;;;;;;;;;;AA+BA,OAAO,mBAAmB;AAC1B,OAAO,iBAAiB;AACxB,OAAO,uBAAuB;AAC9B,OAAO,kBAAkB;;;;;AAEzB,UAAM,YAAY,aAAa;;;;;;;;EAnCpB,OAAM;AAAA,EAAY,oBAAiB;;;EAKrC,OAAM;AAAA,EAAyC,oBAAiB;;;;EAE9D,eAAY;AAAA,EAA2C,OAAM;AAAA,EAAY,oBAAiB;;;;EAa/F,eAAY;AAAA,EAEZ,OAAM;AAAA,EAAyC,oBAAiB;;;uBAtBpE,oBA0BU,WA1BV,YA0BU;AAAA,8BAzBR;AAAA,MAES;AAAA;AAAA,QAFD,OAAM;AAAA,QAAoB,oBAAiB;AAAA;;QACjD,oBAAoJ;AAAA,UAAhJ,OAAM;AAAA,UAAuD,oBAAiB;AAAA,WAA6C,kBAAgB;AAAA;;;;IAGjJ,oBAWM,OAXN,YAWM;AAAA,MAVJ;AAAA,MACwC,iBAAU,0BAAlD,oBAEM,OAFN,YAEM;AAAA,QADJ,aAA+E,yBAAjE,oBAAiB,8CAA6C;AAAA,2BAG9E;AAAA,QAIE;AAAA;AAAA;AAAA,UALF;AAAA,UACA,aAIE;AAAA,YAHA,eAAY;AAAA,YAEZ,SAAQ;AAAA,YAAgE,oBAAiB;AAAA;;;;;;IAI7F;AAAA,IAGQ,iBAAU,0BAFlB,oBAMM,OANN,YAMM;AAAA,MADJ,aAAsF,+BAAjE,oBAAiB,8CAA6C;AAAA",
      "names": [],
      "ignoreList": [],
      "sources": [
        "/Users/gael/Desktop/INSSET_COURS/ProjetThematique/web/src/components/profile/ProfileView.vue"
      ],
      "file": "/Users/gael/Desktop/INSSET_COURS/ProjetThematique/web/src/components/profile/ProfileView.vue"
    },
    "_coverageSchema": "1a1c01bbd47fc00a2c39e90264f33305004495a9",
    "hash": "47653cf5614c93dd0f96aa9aabab32a8be4b6666"
  },
  "/Users/gael/Desktop/INSSET_COURS/ProjetThematique/web/src/views/ProfilePage.vue": {
    "path": "/Users/gael/Desktop/INSSET_COURS/ProjetThematique/web/src/views/ProfilePage.vue",
    "statementMap": {
      "0": {
        "start": {
          "line": 4,
          "column": 2
        },
        "end": {
          "line": 8,
          "column": 3
        }
      },
      "1": {
        "start": {
          "line": 5,
          "column": 17
        },
        "end": {
          "line": 5,
          "column": 48
        }
      },
      "2": {
        "start": {
          "line": 6,
          "column": 4
        },
        "end": {
          "line": 6,
          "column": 42
        }
      },
      "3": {
        "start": {
          "line": 7,
          "column": 4
        },
        "end": {
          "line": 7,
          "column": 91
        }
      },
      "4": {
        "start": {
          "line": 9,
          "column": 2
        },
        "end": {
          "line": 9,
          "column": 14
        }
      },
      "5": {
        "start": {
          "line": 11,
          "column": 33
        },
        "end": {
          "line": 11,
          "column": 77
        }
      },
      "6": {
        "start": {
          "line": 12,
          "column": 40
        },
        "end": {
          "line": 12,
          "column": 91
        }
      },
      "7": {
        "start": {
          "line": 17,
          "column": 34
        },
        "end": {
          "line": 26,
          "column": 2
        }
      },
      "8": {
        "start": {
          "line": 20,
          "column": 4
        },
        "end": {
          "line": 20,
          "column": 15
        }
      },
      "9": {
        "start": {
          "line": 21,
          "column": 19
        },
        "end": {
          "line": 21,
          "column": 30
        }
      },
      "10": {
        "start": {
          "line": 22,
          "column": 25
        },
        "end": {
          "line": 22,
          "column": 48
        }
      },
      "11": {
        "start": {
          "line": 23,
          "column": 4
        },
        "end": {
          "line": 23,
          "column": 95
        }
      },
      "12": {
        "start": {
          "line": 24,
          "column": 4
        },
        "end": {
          "line": 24,
          "column": 24
        }
      },
      "13": {
        "start": {
          "line": 28,
          "column": 19
        },
        "end": {
          "line": 31,
          "column": 1
        }
      },
      "14": {
        "start": {
          "line": 33,
          "column": 2
        },
        "end": {
          "line": 39,
          "column": 5
        }
      },
      "15": {
        "start": {
          "line": 35,
          "column": 57
        },
        "end": {
          "line": 35,
          "column": 94
        }
      },
      "16": {
        "start": {
          "line": 36,
          "column": 60
        },
        "end": {
          "line": 36,
          "column": 100
        }
      },
      "17": {
        "start": {
          "line": 41,
          "column": 0
        },
        "end": {
          "line": 41,
          "column": 31
        }
      },
      "18": {
        "start": {
          "line": 42,
          "column": 0
        },
        "end": {
          "line": 42,
          "column": 109
        }
      },
      "19": {
        "start": {
          "line": 43,
          "column": 0
        },
        "end": {
          "line": 45,
          "column": 3
        }
      },
      "20": {
        "start": {
          "line": 44,
          "column": 2
        },
        "end": {
          "line": 44,
          "column": 42
        }
      },
      "21": {
        "start": {
          "line": 46,
          "column": 0
        },
        "end": {
          "line": 54,
          "column": 3
        }
      },
      "22": {
        "start": {
          "line": 47,
          "column": 2
        },
        "end": {
          "line": 47,
          "column": 19
        }
      },
      "23": {
        "start": {
          "line": 47,
          "column": 12
        },
        "end": {
          "line": 47,
          "column": 19
        }
      },
      "24": {
        "start": {
          "line": 48,
          "column": 47
        },
        "end": {
          "line": 48,
          "column": 50
        }
      },
      "25": {
        "start": {
          "line": 49,
          "column": 2
        },
        "end": {
          "line": 53,
          "column": 3
        }
      },
      "26": {
        "start": {
          "line": 50,
          "column": 4
        },
        "end": {
          "line": 50,
          "column": 66
        }
      },
      "27": {
        "start": {
          "line": 52,
          "column": 4
        },
        "end": {
          "line": 52,
          "column": 57
        }
      }
    },
    "fnMap": {
      "0": {
        "name": "_interopVNode",
        "decl": {
          "start": {
            "line": 3,
            "column": 9
          },
          "end": {
            "line": 3,
            "column": 22
          }
        },
        "loc": {
          "start": {
            "line": 3,
            "column": 30
          },
          "end": {
            "line": 10,
            "column": 1
          }
        },
        "line": 3
      },
      "1": {
        "name": "_createVNode",
        "decl": {
          "start": {
            "line": 11,
            "column": 9
          },
          "end": {
            "line": 11,
            "column": 21
          }
        },
        "loc": {
          "start": {
            "line": 11,
            "column": 31
          },
          "end": {
            "line": 11,
            "column": 79
          }
        },
        "line": 11
      },
      "2": {
        "name": "_createElementBlock",
        "decl": {
          "start": {
            "line": 12,
            "column": 9
          },
          "end": {
            "line": 12,
            "column": 28
          }
        },
        "loc": {
          "start": {
            "line": 12,
            "column": 38
          },
          "end": {
            "line": 12,
            "column": 93
          }
        },
        "line": 12
      },
      "3": {
        "name": "(anonymous_3)",
        "decl": {
          "start": {
            "line": 19,
            "column": 2
          },
          "end": {
            "line": 19,
            "column": 3
          }
        },
        "loc": {
          "start": {
            "line": 19,
            "column": 39
          },
          "end": {
            "line": 25,
            "column": 3
          }
        },
        "line": 19
      },
      "4": {
        "name": "_sfc_render",
        "decl": {
          "start": {
            "line": 32,
            "column": 9
          },
          "end": {
            "line": 32,
            "column": 20
          }
        },
        "loc": {
          "start": {
            "line": 32,
            "column": 68
          },
          "end": {
            "line": 40,
            "column": 1
          }
        },
        "line": 32
      },
      "5": {
        "name": "(anonymous_5)",
        "decl": {
          "start": {
            "line": 35,
            "column": 45
          },
          "end": {
            "line": 35,
            "column": 46
          }
        },
        "loc": {
          "start": {
            "line": 35,
            "column": 57
          },
          "end": {
            "line": 35,
            "column": 94
          }
        },
        "line": 35
      },
      "6": {
        "name": "(anonymous_6)",
        "decl": {
          "start": {
            "line": 36,
            "column": 48
          },
          "end": {
            "line": 36,
            "column": 49
          }
        },
        "loc": {
          "start": {
            "line": 36,
            "column": 60
          },
          "end": {
            "line": 36,
            "column": 100
          }
        },
        "line": 36
      },
      "7": {
        "name": "(anonymous_7)",
        "decl": {
          "start": {
            "line": 43,
            "column": 35
          },
          "end": {
            "line": 43,
            "column": 36
          }
        },
        "loc": {
          "start": {
            "line": 43,
            "column": 49
          },
          "end": {
            "line": 45,
            "column": 1
          }
        },
        "line": 43
      },
      "8": {
        "name": "(anonymous_8)",
        "decl": {
          "start": {
            "line": 46,
            "column": 23
          },
          "end": {
            "line": 46,
            "column": 24
          }
        },
        "loc": {
          "start": {
            "line": 46,
            "column": 32
          },
          "end": {
            "line": 54,
            "column": 1
          }
        },
        "line": 46
      }
    },
    "branchMap": {
      "0": {
        "loc": {
          "start": {
            "line": 4,
            "column": 2
          },
          "end": {
            "line": 8,
            "column": 3
          }
        },
        "type": "if",
        "locations": [
          {
            "start": {
              "line": 4,
              "column": 2
            },
            "end": {
              "line": 8,
              "column": 3
            }
          },
          {
            "start": {},
            "end": {}
          }
        ],
        "line": 4
      },
      "1": {
        "loc": {
          "start": {
            "line": 4,
            "column": 6
          },
          "end": {
            "line": 4,
            "column": 63
          }
        },
        "type": "binary-expr",
        "locations": [
          {
            "start": {
              "line": 4,
              "column": 6
            },
            "end": {
              "line": 4,
              "column": 11
            }
          },
          {
            "start": {
              "line": 4,
              "column": 15
            },
            "end": {
              "line": 4,
              "column": 26
            }
          },
          {
            "start": {
              "line": 4,
              "column": 30
            },
            "end": {
              "line": 4,
              "column": 63
            }
          }
        ],
        "line": 4
      },
      "2": {
        "loc": {
          "start": {
            "line": 35,
            "column": 19
          },
          "end": {
            "line": 35,
            "column": 95
          }
        },
        "type": "binary-expr",
        "locations": [
          {
            "start": {
              "line": 35,
              "column": 19
            },
            "end": {
              "line": 35,
              "column": 28
            }
          },
          {
            "start": {
              "line": 35,
              "column": 33
            },
            "end": {
              "line": 35,
              "column": 94
            }
          }
        ],
        "line": 35
      },
      "3": {
        "loc": {
          "start": {
            "line": 36,
            "column": 22
          },
          "end": {
            "line": 36,
            "column": 101
          }
        },
        "type": "binary-expr",
        "locations": [
          {
            "start": {
              "line": 36,
              "column": 22
            },
            "end": {
              "line": 36,
              "column": 31
            }
          },
          {
            "start": {
              "line": 36,
              "column": 36
            },
            "end": {
              "line": 36,
              "column": 100
            }
          }
        ],
        "line": 36
      },
      "4": {
        "loc": {
          "start": {
            "line": 42,
            "column": 0
          },
          "end": {
            "line": 42,
            "column": 108
          }
        },
        "type": "binary-expr",
        "locations": [
          {
            "start": {
              "line": 42,
              "column": 0
            },
            "end": {
              "line": 42,
              "column": 42
            }
          },
          {
            "start": {
              "line": 42,
              "column": 46
            },
            "end": {
              "line": 42,
              "column": 108
            }
          }
        ],
        "line": 42
      },
      "5": {
        "loc": {
          "start": {
            "line": 47,
            "column": 2
          },
          "end": {
            "line": 47,
            "column": 19
          }
        },
        "type": "if",
        "locations": [
          {
            "start": {
              "line": 47,
              "column": 2
            },
            "end": {
              "line": 47,
              "column": 19
            }
          },
          {
            "start": {},
            "end": {}
          }
        ],
        "line": 47
      },
      "6": {
        "loc": {
          "start": {
            "line": 49,
            "column": 2
          },
          "end": {
            "line": 53,
            "column": 3
          }
        },
        "type": "if",
        "locations": [
          {
            "start": {
              "line": 49,
              "column": 2
            },
            "end": {
              "line": 53,
              "column": 3
            }
          },
          {
            "start": {
              "line": 51,
              "column": 9
            },
            "end": {
              "line": 53,
              "column": 3
            }
          }
        ],
        "line": 49
      }
    },
    "s": {
      "0": 8,
      "1": 6,
      "2": 6,
      "3": 6,
      "4": 8,
      "5": 4,
      "6": 4,
      "7": 2,
      "8": 4,
      "9": 4,
      "10": 4,
      "11": 4,
      "12": 4,
      "13": 2,
      "14": 4,
      "15": 0,
      "16": 0,
      "17": 2,
      "18": 2,
      "19": 2,
      "20": 0,
      "21": 2,
      "22": 0,
      "23": 0,
      "24": 0,
      "25": 0,
      "26": 0,
      "27": 0
    },
    "f": {
      "0": 8,
      "1": 4,
      "2": 4,
      "3": 4,
      "4": 4,
      "5": 0,
      "6": 0,
      "7": 0,
      "8": 0
    },
    "b": {
      "0": [
        6,
        2
      ],
      "1": [
        8,
        8,
        8
      ],
      "2": [
        4,
        4
      ],
      "3": [
        4,
        4
      ],
      "4": [
        2,
        2
      ],
      "5": [
        0,
        0
      ],
      "6": [
        0,
        0
      ]
    },
    "inputSourceMap": {
      "version": 3,
      "mappings": ";;;;;;;;;;;;;;AAUA,SAAS,iBAAiB;AAC1B,OAAO,iBAAiB;;;;;AAExB,UAAM,SAAS,UAAU;;;;;;;;EAZlB,OAAM;AAAA,EAA+B,oBAAiB;;;uBAA3D,oBAKM,OALN,YAKM;AAAA,IAJJ,aAGE;AAAA,MAFC,aAAU,sCAAE,cAAO,KAAI;AAAA,MACvB,gBAAa,sCAAE,cAAO,KAAI;AAAA,MAAwB,oBAAiB;AAAA",
      "names": [],
      "ignoreList": [],
      "sources": [
        "/Users/gael/Desktop/INSSET_COURS/ProjetThematique/web/src/views/ProfilePage.vue"
      ],
      "file": "/Users/gael/Desktop/INSSET_COURS/ProjetThematique/web/src/views/ProfilePage.vue"
    },
    "_coverageSchema": "1a1c01bbd47fc00a2c39e90264f33305004495a9",
    "hash": "618070949823a5b9b7ea8957b0b462624bbdd5e0"
  },
  "/Users/gael/Desktop/INSSET_COURS/ProjetThematique/web/coverage/block-navigation.js": {
    "path": "/Users/gael/Desktop/INSSET_COURS/ProjetThematique/web/coverage/block-navigation.js",
    "statementMap": {},
    "fnMap": {},
    "branchMap": {},
    "s": {},
    "f": {},
    "b": {}
  },
  "/Users/gael/Desktop/INSSET_COURS/ProjetThematique/web/coverage/lcov-report/block-navigation.js": {
    "path": "/Users/gael/Desktop/INSSET_COURS/ProjetThematique/web/coverage/lcov-report/block-navigation.js",
    "statementMap": {},
    "fnMap": {},
    "branchMap": {},
    "s": {},
    "f": {},
    "b": {}
  },
  "/Users/gael/Desktop/INSSET_COURS/ProjetThematique/web/coverage/lcov-report/prettify.js": {
    "path": "/Users/gael/Desktop/INSSET_COURS/ProjetThematique/web/coverage/lcov-report/prettify.js",
    "statementMap": {},
    "fnMap": {},
    "branchMap": {},
    "s": {},
    "f": {},
    "b": {}
  },
  "/Users/gael/Desktop/INSSET_COURS/ProjetThematique/web/coverage/lcov-report/sorter.js": {
    "path": "/Users/gael/Desktop/INSSET_COURS/ProjetThematique/web/coverage/lcov-report/sorter.js",
    "statementMap": {},
    "fnMap": {},
    "branchMap": {},
    "s": {},
    "f": {},
    "b": {}
  },
  "/Users/gael/Desktop/INSSET_COURS/ProjetThematique/web/coverage/prettify.js": {
    "path": "/Users/gael/Desktop/INSSET_COURS/ProjetThematique/web/coverage/prettify.js",
    "statementMap": {},
    "fnMap": {},
    "branchMap": {},
    "s": {},
    "f": {},
    "b": {}
  },
  "/Users/gael/Desktop/INSSET_COURS/ProjetThematique/web/coverage/sorter.js": {
    "path": "/Users/gael/Desktop/INSSET_COURS/ProjetThematique/web/coverage/sorter.js",
    "statementMap": {},
    "fnMap": {},
    "branchMap": {},
    "s": {},
    "f": {},
    "b": {}
  },
  "/Users/gael/Desktop/INSSET_COURS/ProjetThematique/web/env.d.ts": {
    "path": "/Users/gael/Desktop/INSSET_COURS/ProjetThematique/web/env.d.ts",
    "statementMap": {},
    "fnMap": {},
    "branchMap": {},
    "s": {},
    "f": {},
    "b": {}
  },
  "/Users/gael/Desktop/INSSET_COURS/ProjetThematique/web/public/mockServiceWorker.js": {
    "path": "/Users/gael/Desktop/INSSET_COURS/ProjetThematique/web/public/mockServiceWorker.js",
    "statementMap": {},
    "fnMap": {},
    "branchMap": {},
    "s": {},
    "f": {},
    "b": {}
  },
  "/Users/gael/Desktop/INSSET_COURS/ProjetThematique/web/src/components/__tests__/HelloWorld.spec.ts": {
    "path": "/Users/gael/Desktop/INSSET_COURS/ProjetThematique/web/src/components/__tests__/HelloWorld.spec.ts",
    "statementMap": {},
    "fnMap": {},
    "branchMap": {},
    "s": {},
    "f": {},
    "b": {}
  },
  "/Users/gael/Desktop/INSSET_COURS/ProjetThematique/web/src/services/axiosOverlayConnector.d.ts": {
    "path": "/Users/gael/Desktop/INSSET_COURS/ProjetThematique/web/src/services/axiosOverlayConnector.d.ts",
    "statementMap": {},
    "fnMap": {},
    "branchMap": {},
    "s": {},
    "f": {},
    "b": {}
  },
  "/Users/gael/Desktop/INSSET_COURS/ProjetThematique/web/src/services/fileUtils.d.ts": {
    "path": "/Users/gael/Desktop/INSSET_COURS/ProjetThematique/web/src/services/fileUtils.d.ts",
    "statementMap": {},
    "fnMap": {},
    "branchMap": {},
    "s": {},
    "f": {},
    "b": {}
  }
}
